{"C:\\Users\\CHISTEV\\Documents\\stats-nba-trivia\\src\\components\\AuthModal.jsx": {"path":"C:\\Users\\CHISTEV\\Documents\\stats-nba-trivia\\src\\components\\AuthModal.jsx","statementMap":{"0":{"start":{"line":5,"column":18},"end":{"line":5,"column":null}},"1":{"start":{"line":6,"column":19},"end":{"line":10,"column":null}},"2":{"start":{"line":11,"column":16},"end":{"line":11,"column":null}},"3":{"start":{"line":12,"column":18},"end":{"line":12,"column":null}},"4":{"start":{"line":14,"column":23},"end":{"line":14,"column":null}},"5":{"start":{"line":16,"column":23},"end":{"line":62,"column":null}},"6":{"start":{"line":17,"column":4},"end":{"line":17,"column":null}},"7":{"start":{"line":18,"column":4},"end":{"line":18,"column":null}},"8":{"start":{"line":21,"column":4},"end":{"line":24,"column":null}},"9":{"start":{"line":22,"column":6},"end":{"line":22,"column":null}},"10":{"start":{"line":23,"column":6},"end":{"line":23,"column":null}},"11":{"start":{"line":26,"column":4},"end":{"line":26,"column":null}},"12":{"start":{"line":28,"column":4},"end":{"line":61,"column":null}},"13":{"start":{"line":29,"column":23},"end":{"line":29,"column":null}},"14":{"start":{"line":30,"column":19},"end":{"line":37,"column":null}},"15":{"start":{"line":39,"column":23},"end":{"line":43,"column":null}},"16":{"start":{"line":45,"column":19},"end":{"line":45,"column":null}},"17":{"start":{"line":47,"column":6},"end":{"line":56,"column":null}},"18":{"start":{"line":48,"column":8},"end":{"line":48,"column":null}},"19":{"start":{"line":49,"column":8},"end":{"line":49,"column":null}},"20":{"start":{"line":50,"column":8},"end":{"line":50,"column":null}},"21":{"start":{"line":52,"column":8},"end":{"line":52,"column":null}},"22":{"start":{"line":53,"column":8},"end":{"line":53,"column":null}},"23":{"start":{"line":55,"column":8},"end":{"line":55,"column":null}},"24":{"start":{"line":58,"column":6},"end":{"line":58,"column":null}},"25":{"start":{"line":60,"column":6},"end":{"line":60,"column":null}},"26":{"start":{"line":64,"column":8},"end":{"line":69,"column":null}},"27":{"start":{"line":65,"column":4},"end":{"line":68,"column":null}},"28":{"start":{"line":71,"column":2},"end":{"line":71,"column":null}},"29":{"start":{"line":71,"column":15},"end":{"line":71,"column":null}},"30":{"start":{"line":73,"column":2},"end":{"line":169,"column":null}},"31":{"start":{"line":160,"column":14},"end":{"line":160,"column":null}},"32":{"start":{"line":161,"column":14},"end":{"line":161,"column":null}}},"fnMap":{"0":{"name":"AuthModal","decl":{"start":{"line":4,"column":24},"end":{"line":4,"column":34}},"loc":{"start":{"line":4,"column":71},"end":{"line":171,"column":null}},"line":4},"1":{"name":"(anonymous_1)","decl":{"start":{"line":16,"column":23},"end":{"line":16,"column":30}},"loc":{"start":{"line":16,"column":36},"end":{"line":62,"column":null}},"line":16},"2":{"name":"(anonymous_2)","decl":{"start":{"line":64,"column":8},"end":{"line":64,"column":24}},"loc":{"start":{"line":64,"column":30},"end":{"line":69,"column":null}},"line":64},"3":{"name":"(anonymous_3)","decl":{"start":{"line":159,"column":12},"end":{"line":159,"column":27}},"loc":{"start":{"line":159,"column":27},"end":{"line":162,"column":null}},"line":159}},"branchMap":{"0":{"loc":{"start":{"line":21,"column":4},"end":{"line":24,"column":null}},"type":"if","locations":[{"start":{"line":21,"column":4},"end":{"line":24,"column":null}},{"start":{},"end":{}}],"line":21},"1":{"loc":{"start":{"line":21,"column":8},"end":{"line":21,"column":69}},"type":"binary-expr","locations":[{"start":{"line":21,"column":8},"end":{"line":21,"column":20}},{"start":{"line":21,"column":20},"end":{"line":21,"column":69}}],"line":21},"2":{"loc":{"start":{"line":29,"column":23},"end":{"line":29,"column":null}},"type":"cond-expr","locations":[{"start":{"line":29,"column":33},"end":{"line":29,"column":65}},{"start":{"line":29,"column":65},"end":{"line":29,"column":null}}],"line":29},"3":{"loc":{"start":{"line":30,"column":19},"end":{"line":37,"column":null}},"type":"cond-expr","locations":[{"start":{"line":30,"column":29},"end":{"line":33,"column":10}},{"start":{"line":33,"column":10},"end":{"line":37,"column":null}}],"line":30},"4":{"loc":{"start":{"line":47,"column":6},"end":{"line":56,"column":null}},"type":"if","locations":[{"start":{"line":47,"column":6},"end":{"line":56,"column":null}},{"start":{"line":54,"column":13},"end":{"line":56,"column":null}}],"line":47},"5":{"loc":{"start":{"line":55,"column":17},"end":{"line":55,"column":70}},"type":"binary-expr","locations":[{"start":{"line":55,"column":17},"end":{"line":55,"column":33}},{"start":{"line":55,"column":33},"end":{"line":55,"column":70}}],"line":55},"6":{"loc":{"start":{"line":71,"column":2},"end":{"line":71,"column":null}},"type":"if","locations":[{"start":{"line":71,"column":2},"end":{"line":71,"column":null}},{"start":{},"end":{}}],"line":71},"7":{"loc":{"start":{"line":78,"column":13},"end":{"line":78,"column":null}},"type":"cond-expr","locations":[{"start":{"line":78,"column":23},"end":{"line":78,"column":41}},{"start":{"line":78,"column":41},"end":{"line":78,"column":null}}],"line":78},"8":{"loc":{"start":{"line":85,"column":9},"end":{"line":88,"column":null}},"type":"binary-expr","locations":[{"start":{"line":85,"column":9},"end":{"line":85,"column":null}},{"start":{"line":86,"column":10},"end":{"line":88,"column":null}}],"line":85},"9":{"loc":{"start":{"line":128,"column":11},"end":{"line":145,"column":null}},"type":"binary-expr","locations":[{"start":{"line":128,"column":11},"end":{"line":128,"column":null}},{"start":{"line":129,"column":12},"end":{"line":145,"column":null}}],"line":128},"10":{"loc":{"start":{"line":153,"column":13},"end":{"line":153,"column":null}},"type":"cond-expr","locations":[{"start":{"line":153,"column":23},"end":{"line":153,"column":39}},{"start":{"line":153,"column":39},"end":{"line":153,"column":null}}],"line":153},"11":{"loc":{"start":{"line":153,"column":39},"end":{"line":153,"column":null}},"type":"cond-expr","locations":[{"start":{"line":153,"column":49},"end":{"line":153,"column":59}},{"start":{"line":153,"column":59},"end":{"line":153,"column":null}}],"line":153},"12":{"loc":{"start":{"line":165,"column":13},"end":{"line":165,"column":null}},"type":"cond-expr","locations":[{"start":{"line":165,"column":23},"end":{"line":165,"column":58}},{"start":{"line":165,"column":58},"end":{"line":165,"column":null}}],"line":165}},"s":{"0":269,"1":269,"2":269,"3":269,"4":269,"5":269,"6":9,"7":9,"8":9,"9":1,"10":1,"11":8,"12":8,"13":8,"14":9,"15":9,"16":7,"17":6,"18":3,"19":3,"20":3,"21":3,"22":3,"23":3,"24":2,"25":8,"26":269,"27":227,"28":269,"29":1,"30":268,"31":8,"32":8},"f":{"0":269,"1":9,"2":227,"3":8},"b":{"0":[1,8],"1":[9,4],"2":[5,3],"3":[5,3],"4":[3,3],"5":[3,2],"6":[1,268],"7":[142,126],"8":[269,5],"9":[269,126],"10":[8,260],"11":[137,123],"12":[142,126]},"meta":{"lastBranch":13,"lastFunction":4,"lastStatement":33,"seen":{"f:4:24:4:34":0,"s:5:18:5:Infinity":0,"s:6:19:10:Infinity":1,"s:11:16:11:Infinity":2,"s:12:18:12:Infinity":3,"s:14:23:14:Infinity":4,"s:16:23:62:Infinity":5,"f:16:23:16:30":1,"s:17:4:17:Infinity":6,"s:18:4:18:Infinity":7,"b:21:4:24:Infinity:undefined:undefined:undefined:undefined":0,"s:21:4:24:Infinity":8,"b:21:8:21:20:21:20:21:69":1,"s:22:6:22:Infinity":9,"s:23:6:23:Infinity":10,"s:26:4:26:Infinity":11,"s:28:4:61:Infinity":12,"s:29:23:29:Infinity":13,"b:29:33:29:65:29:65:29:Infinity":2,"s:30:19:37:Infinity":14,"b:30:29:33:10:33:10:37:Infinity":3,"s:39:23:43:Infinity":15,"s:45:19:45:Infinity":16,"b:47:6:56:Infinity:54:13:56:Infinity":4,"s:47:6:56:Infinity":17,"s:48:8:48:Infinity":18,"s:49:8:49:Infinity":19,"s:50:8:50:Infinity":20,"s:52:8:52:Infinity":21,"s:53:8:53:Infinity":22,"s:55:8:55:Infinity":23,"b:55:17:55:33:55:33:55:70":5,"s:58:6:58:Infinity":24,"s:60:6:60:Infinity":25,"s:64:8:69:Infinity":26,"f:64:8:64:24":2,"s:65:4:68:Infinity":27,"b:71:2:71:Infinity:undefined:undefined:undefined:undefined":6,"s:71:2:71:Infinity":28,"s:71:15:71:Infinity":29,"s:73:2:169:Infinity":30,"b:78:23:78:41:78:41:78:Infinity":7,"b:85:9:85:Infinity:86:10:88:Infinity":8,"b:128:11:128:Infinity:129:12:145:Infinity":9,"b:153:23:153:39:153:39:153:Infinity":10,"b:153:49:153:59:153:59:153:Infinity":11,"f:159:12:159:27":3,"s:160:14:160:Infinity":31,"s:161:14:161:Infinity":32,"b:165:23:165:58:165:58:165:Infinity":12},"fnNames":{}}}
,"C:\\Users\\CHISTEV\\Documents\\stats-nba-trivia\\src\\components\\ClueCard.jsx": {"path":"C:\\Users\\CHISTEV\\Documents\\stats-nba-trivia\\src\\components\\ClueCard.jsx","statementMap":{"0":{"start":{"line":5,"column":20},"end":{"line":5,"column":null}},"1":{"start":{"line":7,"column":8},"end":{"line":12,"column":null}},"2":{"start":{"line":8,"column":4},"end":{"line":8,"column":null}},"3":{"start":{"line":8,"column":21},"end":{"line":8,"column":null}},"4":{"start":{"line":9,"column":4},"end":{"line":9,"column":null}},"5":{"start":{"line":9,"column":21},"end":{"line":9,"column":null}},"6":{"start":{"line":10,"column":4},"end":{"line":10,"column":null}},"7":{"start":{"line":10,"column":21},"end":{"line":10,"column":null}},"8":{"start":{"line":11,"column":4},"end":{"line":11,"column":null}},"9":{"start":{"line":14,"column":8},"end":{"line":19,"column":null}},"10":{"start":{"line":15,"column":4},"end":{"line":15,"column":null}},"11":{"start":{"line":15,"column":21},"end":{"line":15,"column":null}},"12":{"start":{"line":16,"column":4},"end":{"line":16,"column":null}},"13":{"start":{"line":16,"column":21},"end":{"line":16,"column":null}},"14":{"start":{"line":17,"column":4},"end":{"line":17,"column":null}},"15":{"start":{"line":17,"column":21},"end":{"line":17,"column":null}},"16":{"start":{"line":18,"column":4},"end":{"line":18,"column":null}},"17":{"start":{"line":21,"column":2},"end":{"line":63,"column":null}},"18":{"start":{"line":30,"column":21},"end":{"line":30,"column":null}},"19":{"start":{"line":31,"column":26},"end":{"line":31,"column":null}},"20":{"start":{"line":32,"column":26},"end":{"line":32,"column":null}}},"fnMap":{"0":{"name":"ClueCard","decl":{"start":{"line":4,"column":24},"end":{"line":4,"column":33}},"loc":{"start":{"line":4,"column":80},"end":{"line":65,"column":null}},"line":4},"1":{"name":"(anonymous_1)","decl":{"start":{"line":7,"column":8},"end":{"line":7,"column":28}},"loc":{"start":{"line":7,"column":28},"end":{"line":12,"column":null}},"line":7},"2":{"name":"(anonymous_2)","decl":{"start":{"line":14,"column":8},"end":{"line":14,"column":35}},"loc":{"start":{"line":14,"column":35},"end":{"line":19,"column":null}},"line":14},"3":{"name":"(anonymous_3)","decl":{"start":{"line":30,"column":6},"end":{"line":30,"column":21}},"loc":{"start":{"line":30,"column":21},"end":{"line":30,"column":null}},"line":30},"4":{"name":"(anonymous_4)","decl":{"start":{"line":31,"column":6},"end":{"line":31,"column":26}},"loc":{"start":{"line":31,"column":26},"end":{"line":31,"column":null}},"line":31},"5":{"name":"(anonymous_5)","decl":{"start":{"line":32,"column":6},"end":{"line":32,"column":26}},"loc":{"start":{"line":32,"column":26},"end":{"line":32,"column":null}},"line":32}},"branchMap":{"0":{"loc":{"start":{"line":8,"column":4},"end":{"line":8,"column":null}},"type":"if","locations":[{"start":{"line":8,"column":4},"end":{"line":8,"column":null}},{"start":{},"end":{}}],"line":8},"1":{"loc":{"start":{"line":9,"column":4},"end":{"line":9,"column":null}},"type":"if","locations":[{"start":{"line":9,"column":4},"end":{"line":9,"column":null}},{"start":{},"end":{}}],"line":9},"2":{"loc":{"start":{"line":10,"column":4},"end":{"line":10,"column":null}},"type":"if","locations":[{"start":{"line":10,"column":4},"end":{"line":10,"column":null}},{"start":{},"end":{}}],"line":10},"3":{"loc":{"start":{"line":15,"column":4},"end":{"line":15,"column":null}},"type":"if","locations":[{"start":{"line":15,"column":4},"end":{"line":15,"column":null}},{"start":{},"end":{}}],"line":15},"4":{"loc":{"start":{"line":16,"column":4},"end":{"line":16,"column":null}},"type":"if","locations":[{"start":{"line":16,"column":4},"end":{"line":16,"column":null}},{"start":{},"end":{}}],"line":16},"5":{"loc":{"start":{"line":17,"column":4},"end":{"line":17,"column":null}},"type":"if","locations":[{"start":{"line":17,"column":4},"end":{"line":17,"column":null}},{"start":{},"end":{}}],"line":17},"6":{"loc":{"start":{"line":24,"column":8},"end":{"line":28,"column":null}},"type":"cond-expr","locations":[{"start":{"line":25,"column":12},"end":{"line":25,"column":null}},{"start":{"line":26,"column":12},"end":{"line":28,"column":null}}],"line":24},"7":{"loc":{"start":{"line":24,"column":8},"end":{"line":24,"column":null}},"type":"binary-expr","locations":[{"start":{"line":24,"column":8},"end":{"line":24,"column":21}},{"start":{"line":24,"column":21},"end":{"line":24,"column":null}}],"line":24},"8":{"loc":{"start":{"line":26,"column":12},"end":{"line":28,"column":null}},"type":"cond-expr","locations":[{"start":{"line":27,"column":12},"end":{"line":27,"column":null}},{"start":{"line":28,"column":12},"end":{"line":28,"column":null}}],"line":26},"9":{"loc":{"start":{"line":30,"column":21},"end":{"line":30,"column":null}},"type":"binary-expr","locations":[{"start":{"line":30,"column":21},"end":{"line":30,"column":34}},{"start":{"line":30,"column":34},"end":{"line":30,"column":47}},{"start":{"line":30,"column":47},"end":{"line":30,"column":null}}],"line":30},"10":{"loc":{"start":{"line":36,"column":10},"end":{"line":38,"column":null}},"type":"cond-expr","locations":[{"start":{"line":37,"column":14},"end":{"line":37,"column":null}},{"start":{"line":38,"column":14},"end":{"line":38,"column":null}}],"line":36},"11":{"loc":{"start":{"line":40,"column":11},"end":{"line":40,"column":null}},"type":"cond-expr","locations":[{"start":{"line":40,"column":22},"end":{"line":40,"column":53}},{"start":{"line":40,"column":53},"end":{"line":40,"column":null}}],"line":40},"12":{"loc":{"start":{"line":40,"column":22},"end":{"line":40,"column":53}},"type":"binary-expr","locations":[{"start":{"line":40,"column":22},"end":{"line":40,"column":40}},{"start":{"line":40,"column":40},"end":{"line":40,"column":53}}],"line":40},"13":{"loc":{"start":{"line":45,"column":15},"end":{"line":45,"column":null}},"type":"binary-expr","locations":[{"start":{"line":45,"column":15},"end":{"line":45,"column":27}},{"start":{"line":45,"column":27},"end":{"line":45,"column":null}}],"line":45},"14":{"loc":{"start":{"line":46,"column":51},"end":{"line":46,"column":null}},"type":"cond-expr","locations":[{"start":{"line":46,"column":62},"end":{"line":46,"column":77}},{"start":{"line":46,"column":77},"end":{"line":46,"column":null}}],"line":46},"15":{"loc":{"start":{"line":47,"column":17},"end":{"line":51,"column":null}},"type":"cond-expr","locations":[{"start":{"line":47,"column":28},"end":{"line":47,"column":null}},{"start":{"line":48,"column":18},"end":{"line":51,"column":null}}],"line":47},"16":{"loc":{"start":{"line":55,"column":13},"end":{"line":60,"column":null}},"type":"cond-expr","locations":[{"start":{"line":56,"column":14},"end":{"line":58,"column":15}},{"start":{"line":58,"column":14},"end":{"line":60,"column":null}}],"line":55},"17":{"loc":{"start":{"line":58,"column":77},"end":{"line":58,"column":127}},"type":"cond-expr","locations":[{"start":{"line":58,"column":102},"end":{"line":58,"column":120}},{"start":{"line":58,"column":120},"end":{"line":58,"column":127}}],"line":58},"18":{"loc":{"start":{"line":58,"column":77},"end":{"line":58,"column":102}},"type":"binary-expr","locations":[{"start":{"line":58,"column":77},"end":{"line":58,"column":90}},{"start":{"line":58,"column":90},"end":{"line":58,"column":102}}],"line":58}},"s":{"0":38,"1":38,"2":21,"3":13,"4":8,"5":8,"6":6,"7":6,"8":4,"9":38,"10":21,"11":13,"12":8,"13":8,"14":6,"15":6,"16":4,"17":38,"18":3,"19":5,"20":0},"f":{"0":38,"1":21,"2":21,"3":3,"4":5,"5":0},"b":{"0":[13,8],"1":[2,6],"2":[2,4],"3":[13,8],"4":[2,6],"5":[2,4],"6":[12,26],"7":[38,17],"8":[21,5],"9":[3,2,1],"10":[21,17],"11":[21,17],"12":[21,4],"13":[38,21],"14":[21,17],"15":[21,17],"16":[21,17],"17":[2,15],"18":[17,4]},"meta":{"lastBranch":19,"lastFunction":6,"lastStatement":21,"seen":{"f:4:24:4:33":0,"s:5:20:5:Infinity":0,"s:7:8:12:Infinity":1,"f:7:8:7:28":1,"b:8:4:8:Infinity:undefined:undefined:undefined:undefined":0,"s:8:4:8:Infinity":2,"s:8:21:8:Infinity":3,"b:9:4:9:Infinity:undefined:undefined:undefined:undefined":1,"s:9:4:9:Infinity":4,"s:9:21:9:Infinity":5,"b:10:4:10:Infinity:undefined:undefined:undefined:undefined":2,"s:10:4:10:Infinity":6,"s:10:21:10:Infinity":7,"s:11:4:11:Infinity":8,"s:14:8:19:Infinity":9,"f:14:8:14:35":2,"b:15:4:15:Infinity:undefined:undefined:undefined:undefined":3,"s:15:4:15:Infinity":10,"s:15:21:15:Infinity":11,"b:16:4:16:Infinity:undefined:undefined:undefined:undefined":4,"s:16:4:16:Infinity":12,"s:16:21:16:Infinity":13,"b:17:4:17:Infinity:undefined:undefined:undefined:undefined":5,"s:17:4:17:Infinity":14,"s:17:21:17:Infinity":15,"s:18:4:18:Infinity":16,"s:21:2:63:Infinity":17,"b:25:12:25:Infinity:26:12:28:Infinity":6,"b:24:8:24:21:24:21:24:Infinity":7,"b:27:12:27:Infinity:28:12:28:Infinity":8,"f:30:6:30:21":3,"s:30:21:30:Infinity":18,"b:30:21:30:34:30:34:30:47:30:47:30:Infinity":9,"f:31:6:31:26":4,"s:31:26:31:Infinity":19,"f:32:6:32:26":5,"s:32:26:32:Infinity":20,"b:37:14:37:Infinity:38:14:38:Infinity":10,"b:40:22:40:53:40:53:40:Infinity":11,"b:40:22:40:40:40:40:40:53":12,"b:45:15:45:27:45:27:45:Infinity":13,"b:46:62:46:77:46:77:46:Infinity":14,"b:47:28:47:Infinity:48:18:51:Infinity":15,"b:56:14:58:15:58:14:60:Infinity":16,"b:58:102:58:120:58:120:58:127":17,"b:58:77:58:90:58:90:58:102":18},"fnNames":{}}}
,"C:\\Users\\CHISTEV\\Documents\\stats-nba-trivia\\src\\components\\Confetti.jsx": {"path":"C:\\Users\\CHISTEV\\Documents\\stats-nba-trivia\\src\\components\\Confetti.jsx","statementMap":{"0":{"start":{"line":4,"column":20},"end":{"line":4,"column":null}},"1":{"start":{"line":6,"column":2},"end":{"line":43,"column":null}},"2":{"start":{"line":7,"column":19},"end":{"line":7,"column":null}},"3":{"start":{"line":8,"column":25},"end":{"line":8,"column":null}},"4":{"start":{"line":9,"column":4},"end":{"line":19,"column":null}},"5":{"start":{"line":9,"column":17},"end":{"line":9,"column":20}},"6":{"start":{"line":10,"column":6},"end":{"line":18,"column":null}},"7":{"start":{"line":20,"column":4},"end":{"line":20,"column":null}},"8":{"start":{"line":22,"column":20},"end":{"line":32,"column":null}},"9":{"start":{"line":23,"column":6},"end":{"line":31,"column":null}},"10":{"start":{"line":24,"column":8},"end":{"line":30,"column":null}},"11":{"start":{"line":25,"column":21},"end":{"line":29,"column":12}},"12":{"start":{"line":30,"column":23},"end":{"line":30,"column":47}},"13":{"start":{"line":34,"column":20},"end":{"line":37,"column":null}},"14":{"start":{"line":35,"column":6},"end":{"line":35,"column":null}},"15":{"start":{"line":36,"column":6},"end":{"line":36,"column":null}},"16":{"start":{"line":39,"column":4},"end":{"line":42,"column":null}},"17":{"start":{"line":40,"column":6},"end":{"line":40,"column":null}},"18":{"start":{"line":41,"column":6},"end":{"line":41,"column":null}},"19":{"start":{"line":45,"column":2},"end":{"line":62,"column":null}},"20":{"start":{"line":48,"column":8},"end":{"line":60,"column":null}}},"fnMap":{"0":{"name":"Confetti","decl":{"start":{"line":3,"column":24},"end":{"line":3,"column":35}},"loc":{"start":{"line":3,"column":35},"end":{"line":64,"column":null}},"line":3},"1":{"name":"(anonymous_1)","decl":{"start":{"line":6,"column":2},"end":{"line":6,"column":18}},"loc":{"start":{"line":6,"column":18},"end":{"line":43,"column":5}},"line":6},"2":{"name":"(anonymous_2)","decl":{"start":{"line":22,"column":20},"end":{"line":22,"column":38}},"loc":{"start":{"line":22,"column":38},"end":{"line":32,"column":7}},"line":22},"3":{"name":"(anonymous_3)","decl":{"start":{"line":23,"column":6},"end":{"line":23,"column":19}},"loc":{"start":{"line":24,"column":8},"end":{"line":30,"column":null}},"line":24},"4":{"name":"(anonymous_4)","decl":{"start":{"line":25,"column":11},"end":{"line":25,"column":15}},"loc":{"start":{"line":25,"column":21},"end":{"line":29,"column":12}},"line":25},"5":{"name":"(anonymous_5)","decl":{"start":{"line":30,"column":11},"end":{"line":30,"column":18}},"loc":{"start":{"line":30,"column":23},"end":{"line":30,"column":47}},"line":30},"6":{"name":"(anonymous_6)","decl":{"start":{"line":34,"column":20},"end":{"line":34,"column":37}},"loc":{"start":{"line":34,"column":37},"end":{"line":37,"column":7}},"line":34},"7":{"name":"(anonymous_7)","decl":{"start":{"line":39,"column":4},"end":{"line":39,"column":17}},"loc":{"start":{"line":39,"column":17},"end":{"line":42,"column":null}},"line":39},"8":{"name":"(anonymous_8)","decl":{"start":{"line":47,"column":17},"end":{"line":47,"column":21}},"loc":{"start":{"line":48,"column":8},"end":{"line":60,"column":null}},"line":48}},"branchMap":{},"s":{"0":47,"1":47,"2":19,"3":19,"4":19,"5":19,"6":1900,"7":19,"8":19,"9":383,"10":383,"11":38300,"12":38300,"13":19,"14":3,"15":3,"16":19,"17":19,"18":19,"19":47,"20":2500},"f":{"0":47,"1":19,"2":383,"3":383,"4":38300,"5":38300,"6":3,"7":19,"8":2500},"b":{},"meta":{"lastBranch":0,"lastFunction":9,"lastStatement":21,"seen":{"f:3:24:3:35":0,"s:4:20:4:Infinity":0,"s:6:2:43:Infinity":1,"f:6:2:6:18":1,"s:7:19:7:Infinity":2,"s:8:25:8:Infinity":3,"s:9:4:19:Infinity":4,"s:9:17:9:20":5,"s:10:6:18:Infinity":6,"s:20:4:20:Infinity":7,"s:22:20:32:Infinity":8,"f:22:20:22:38":2,"s:23:6:31:Infinity":9,"f:23:6:23:19":3,"s:24:8:30:Infinity":10,"f:25:11:25:15":4,"s:25:21:29:12":11,"f:30:11:30:18":5,"s:30:23:30:47":12,"s:34:20:37:Infinity":13,"f:34:20:34:37":6,"s:35:6:35:Infinity":14,"s:36:6:36:Infinity":15,"s:39:4:42:Infinity":16,"f:39:4:39:17":7,"s:40:6:40:Infinity":17,"s:41:6:41:Infinity":18,"s:45:2:62:Infinity":19,"f:47:17:47:21":8,"s:48:8:60:Infinity":20},"fnNames":{}}}
,"C:\\Users\\CHISTEV\\Documents\\stats-nba-trivia\\src\\components\\FeedbackPanel.jsx": {"path":"C:\\Users\\CHISTEV\\Documents\\stats-nba-trivia\\src\\components\\FeedbackPanel.jsx","statementMap":{"0":{"start":{"line":4,"column":2},"end":{"line":4,"column":null}},"1":{"start":{"line":4,"column":42},"end":{"line":4,"column":null}},"2":{"start":{"line":6,"column":2},"end":{"line":22,"column":null}},"3":{"start":{"line":14,"column":10},"end":{"line":19,"column":null}}},"fnMap":{"0":{"name":"FeedbackPanel","decl":{"start":{"line":3,"column":24},"end":{"line":3,"column":38}},"loc":{"start":{"line":3,"column":52},"end":{"line":24,"column":null}},"line":3},"1":{"name":"(anonymous_1)","decl":{"start":{"line":13,"column":18},"end":{"line":13,"column":23}},"loc":{"start":{"line":14,"column":10},"end":{"line":19,"column":null}},"line":14}},"branchMap":{"0":{"loc":{"start":{"line":4,"column":2},"end":{"line":4,"column":null}},"type":"if","locations":[{"start":{"line":4,"column":2},"end":{"line":4,"column":null}},{"start":{},"end":{}}],"line":4},"1":{"loc":{"start":{"line":4,"column":6},"end":{"line":4,"column":42}},"type":"binary-expr","locations":[{"start":{"line":4,"column":6},"end":{"line":4,"column":19}},{"start":{"line":4,"column":19},"end":{"line":4,"column":42}}],"line":4},"2":{"loc":{"start":{"line":16,"column":28},"end":{"line":16,"column":null}},"type":"cond-expr","locations":[{"start":{"line":16,"column":54},"end":{"line":16,"column":73}},{"start":{"line":16,"column":73},"end":{"line":16,"column":null}}],"line":16}},"s":{"0":0,"1":0,"2":0,"3":0},"f":{"0":0,"1":0},"b":{"0":[0,0],"1":[0,0],"2":[0,0]},"meta":{"lastBranch":3,"lastFunction":2,"lastStatement":4,"seen":{"f:3:24:3:38":0,"b:4:2:4:Infinity:undefined:undefined:undefined:undefined":0,"s:4:2:4:Infinity":0,"b:4:6:4:19:4:19:4:42":1,"s:4:42:4:Infinity":1,"s:6:2:22:Infinity":2,"f:13:18:13:23":1,"s:14:10:19:Infinity":3,"b:16:54:16:73:16:73:16:Infinity":2},"fnNames":{}}}
,"C:\\Users\\CHISTEV\\Documents\\stats-nba-trivia\\src\\components\\GameStats.jsx": {"path":"C:\\Users\\CHISTEV\\Documents\\stats-nba-trivia\\src\\components\\GameStats.jsx","statementMap":{"0":{"start":{"line":4,"column":16},"end":{"line":9,"column":null}},"1":{"start":{"line":11,"column":2},"end":{"line":25,"column":null}},"2":{"start":{"line":16,"column":10},"end":{"line":22,"column":null}}},"fnMap":{"0":{"name":"GameStats","decl":{"start":{"line":3,"column":24},"end":{"line":3,"column":34}},"loc":{"start":{"line":3,"column":87},"end":{"line":27,"column":null}},"line":3},"1":{"name":"(anonymous_1)","decl":{"start":{"line":15,"column":15},"end":{"line":15,"column":20}},"loc":{"start":{"line":16,"column":10},"end":{"line":22,"column":null}},"line":16}},"branchMap":{},"s":{"0":0,"1":0,"2":0},"f":{"0":0,"1":0},"b":{},"meta":{"lastBranch":0,"lastFunction":2,"lastStatement":3,"seen":{"f:3:24:3:34":0,"s:4:16:9:Infinity":0,"s:11:2:25:Infinity":1,"f:15:15:15:20":1,"s:16:10:22:Infinity":2},"fnNames":{}}}
,"C:\\Users\\CHISTEV\\Documents\\stats-nba-trivia\\src\\components\\GuessInput.jsx": {"path":"C:\\Users\\CHISTEV\\Documents\\stats-nba-trivia\\src\\components\\GuessInput.jsx","statementMap":{"0":{"start":{"line":4,"column":16},"end":{"line":4,"column":null}},"1":{"start":{"line":5,"column":26},"end":{"line":5,"column":null}},"2":{"start":{"line":6,"column":30},"end":{"line":6,"column":null}},"3":{"start":{"line":7,"column":8},"end":{"line":7,"column":null}},"4":{"start":{"line":9,"column":2},"end":{"line":20,"column":null}},"5":{"start":{"line":10,"column":4},"end":{"line":19,"column":null}},"6":{"start":{"line":11,"column":23},"end":{"line":13,"column":null}},"7":{"start":{"line":12,"column":8},"end":{"line":12,"column":null}},"8":{"start":{"line":14,"column":6},"end":{"line":14,"column":null}},"9":{"start":{"line":15,"column":6},"end":{"line":15,"column":null}},"10":{"start":{"line":17,"column":6},"end":{"line":17,"column":null}},"11":{"start":{"line":18,"column":6},"end":{"line":18,"column":null}},"12":{"start":{"line":22,"column":8},"end":{"line":29,"column":null}},"13":{"start":{"line":23,"column":4},"end":{"line":23,"column":null}},"14":{"start":{"line":24,"column":4},"end":{"line":28,"column":null}},"15":{"start":{"line":25,"column":6},"end":{"line":25,"column":null}},"16":{"start":{"line":26,"column":6},"end":{"line":26,"column":null}},"17":{"start":{"line":27,"column":6},"end":{"line":27,"column":null}},"18":{"start":{"line":31,"column":8},"end":{"line":35,"column":null}},"19":{"start":{"line":32,"column":4},"end":{"line":32,"column":null}},"20":{"start":{"line":33,"column":4},"end":{"line":33,"column":null}},"21":{"start":{"line":34,"column":4},"end":{"line":34,"column":null}},"22":{"start":{"line":37,"column":2},"end":{"line":91,"column":null}},"23":{"start":{"line":46,"column":31},"end":{"line":46,"column":null}},"24":{"start":{"line":57,"column":18},"end":{"line":64,"column":null}},"25":{"start":{"line":60,"column":35},"end":{"line":60,"column":null}}},"fnMap":{"0":{"name":"GuessInput","decl":{"start":{"line":3,"column":24},"end":{"line":3,"column":35}},"loc":{"start":{"line":3,"column":114},"end":{"line":93,"column":null}},"line":3},"1":{"name":"(anonymous_1)","decl":{"start":{"line":9,"column":2},"end":{"line":9,"column":18}},"loc":{"start":{"line":9,"column":18},"end":{"line":20,"column":5}},"line":9},"2":{"name":"(anonymous_2)","decl":{"start":{"line":11,"column":35},"end":{"line":11,"column":42}},"loc":{"start":{"line":12,"column":8},"end":{"line":12,"column":null}},"line":12},"3":{"name":"(anonymous_3)","decl":{"start":{"line":22,"column":8},"end":{"line":22,"column":24}},"loc":{"start":{"line":22,"column":30},"end":{"line":29,"column":null}},"line":22},"4":{"name":"(anonymous_4)","decl":{"start":{"line":31,"column":8},"end":{"line":31,"column":33}},"loc":{"start":{"line":31,"column":48},"end":{"line":35,"column":null}},"line":31},"5":{"name":"(anonymous_5)","decl":{"start":{"line":46,"column":14},"end":{"line":46,"column":25}},"loc":{"start":{"line":46,"column":31},"end":{"line":46,"column":null}},"line":46},"6":{"name":"(anonymous_6)","decl":{"start":{"line":56,"column":37},"end":{"line":56,"column":42}},"loc":{"start":{"line":57,"column":18},"end":{"line":64,"column":null}},"line":57},"7":{"name":"(anonymous_7)","decl":{"start":{"line":60,"column":20},"end":{"line":60,"column":35}},"loc":{"start":{"line":60,"column":35},"end":{"line":60,"column":null}},"line":60}},"branchMap":{"0":{"loc":{"start":{"line":3,"column":94},"end":{"line":3,"column":114}},"type":"default-arg","locations":[{"start":{"line":3,"column":108},"end":{"line":3,"column":114}}],"line":3},"1":{"loc":{"start":{"line":10,"column":4},"end":{"line":19,"column":null}},"type":"if","locations":[{"start":{"line":10,"column":4},"end":{"line":19,"column":null}},{"start":{"line":16,"column":11},"end":{"line":19,"column":null}}],"line":10},"2":{"loc":{"start":{"line":24,"column":4},"end":{"line":28,"column":null}},"type":"if","locations":[{"start":{"line":24,"column":4},"end":{"line":28,"column":null}},{"start":{},"end":{}}],"line":24},"3":{"loc":{"start":{"line":24,"column":8},"end":{"line":24,"column":35}},"type":"binary-expr","locations":[{"start":{"line":24,"column":8},"end":{"line":24,"column":24}},{"start":{"line":24,"column":24},"end":{"line":24,"column":35}}],"line":24},"4":{"loc":{"start":{"line":49,"column":16},"end":{"line":49,"column":null}},"type":"cond-expr","locations":[{"start":{"line":49,"column":28},"end":{"line":49,"column":70}},{"start":{"line":49,"column":70},"end":{"line":49,"column":null}}],"line":49},"5":{"loc":{"start":{"line":54,"column":13},"end":{"line":68,"column":null}},"type":"binary-expr","locations":[{"start":{"line":54,"column":13},"end":{"line":54,"column":32}},{"start":{"line":54,"column":32},"end":{"line":54,"column":null}},{"start":{"line":55,"column":14},"end":{"line":68,"column":null}}],"line":54},"6":{"loc":{"start":{"line":71,"column":22},"end":{"line":71,"column":null}},"type":"binary-expr","locations":[{"start":{"line":71,"column":22},"end":{"line":71,"column":34}},{"start":{"line":71,"column":34},"end":{"line":71,"column":null}}],"line":71},"7":{"loc":{"start":{"line":77,"column":9},"end":{"line":80,"column":null}},"type":"binary-expr","locations":[{"start":{"line":77,"column":9},"end":{"line":77,"column":null}},{"start":{"line":78,"column":10},"end":{"line":80,"column":null}}],"line":77},"8":{"loc":{"start":{"line":84,"column":30},"end":{"line":84,"column":70}},"type":"cond-expr","locations":[{"start":{"line":84,"column":50},"end":{"line":84,"column":60}},{"start":{"line":84,"column":60},"end":{"line":84,"column":70}}],"line":84}},"s":{"0":0,"1":0,"2":0,"3":0,"4":0,"5":0,"6":0,"7":0,"8":0,"9":0,"10":0,"11":0,"12":0,"13":0,"14":0,"15":0,"16":0,"17":0,"18":0,"19":0,"20":0,"21":0,"22":0,"23":0,"24":0,"25":0},"f":{"0":0,"1":0,"2":0,"3":0,"4":0,"5":0,"6":0,"7":0},"b":{"0":[0],"1":[0,0],"2":[0,0],"3":[0,0],"4":[0,0],"5":[0,0,0],"6":[0,0],"7":[0,0],"8":[0,0]},"meta":{"lastBranch":9,"lastFunction":8,"lastStatement":26,"seen":{"f:3:24:3:35":0,"b:3:108:3:114":0,"s:4:16:4:Infinity":0,"s:5:26:5:Infinity":1,"s:6:30:6:Infinity":2,"s:7:8:7:Infinity":3,"s:9:2:20:Infinity":4,"f:9:2:9:18":1,"b:10:4:19:Infinity:16:11:19:Infinity":1,"s:10:4:19:Infinity":5,"s:11:23:13:Infinity":6,"f:11:35:11:42":2,"s:12:8:12:Infinity":7,"s:14:6:14:Infinity":8,"s:15:6:15:Infinity":9,"s:17:6:17:Infinity":10,"s:18:6:18:Infinity":11,"s:22:8:29:Infinity":12,"f:22:8:22:24":3,"s:23:4:23:Infinity":13,"b:24:4:28:Infinity:undefined:undefined:undefined:undefined":2,"s:24:4:28:Infinity":14,"b:24:8:24:24:24:24:24:35":3,"s:25:6:25:Infinity":15,"s:26:6:26:Infinity":16,"s:27:6:27:Infinity":17,"s:31:8:35:Infinity":18,"f:31:8:31:33":4,"s:32:4:32:Infinity":19,"s:33:4:33:Infinity":20,"s:34:4:34:Infinity":21,"s:37:2:91:Infinity":22,"f:46:14:46:25":5,"s:46:31:46:Infinity":23,"b:49:28:49:70:49:70:49:Infinity":4,"b:54:13:54:32:54:32:54:Infinity:55:14:68:Infinity":5,"f:56:37:56:42":6,"s:57:18:64:Infinity":24,"f:60:20:60:35":7,"s:60:35:60:Infinity":25,"b:71:22:71:34:71:34:71:Infinity":6,"b:77:9:77:Infinity:78:10:80:Infinity":7,"b:84:50:84:60:84:60:84:70":8},"fnNames":{}}}
,"C:\\Users\\CHISTEV\\Documents\\stats-nba-trivia\\src\\components\\KeyboardHints.jsx": {"path":"C:\\Users\\CHISTEV\\Documents\\stats-nba-trivia\\src\\components\\KeyboardHints.jsx","statementMap":{"0":{"start":{"line":2,"column":16},"end":{"line":6,"column":null}},"1":{"start":{"line":8,"column":2},"end":{"line":20,"column":null}},"2":{"start":{"line":12,"column":10},"end":{"line":17,"column":null}}},"fnMap":{"0":{"name":"KeyboardHints","decl":{"start":{"line":1,"column":24},"end":{"line":1,"column":40}},"loc":{"start":{"line":1,"column":40},"end":{"line":22,"column":null}},"line":1},"1":{"name":"(anonymous_1)","decl":{"start":{"line":11,"column":15},"end":{"line":11,"column":20}},"loc":{"start":{"line":12,"column":10},"end":{"line":17,"column":null}},"line":12}},"branchMap":{},"s":{"0":0,"1":0,"2":0},"f":{"0":0,"1":0},"b":{},"meta":{"lastBranch":0,"lastFunction":2,"lastStatement":3,"seen":{"f:1:24:1:40":0,"s:2:16:6:Infinity":0,"s:8:2:20:Infinity":1,"f:11:15:11:20":1,"s:12:10:17:Infinity":2},"fnNames":{}}}
,"C:\\Users\\CHISTEV\\Documents\\stats-nba-trivia\\src\\components\\Leaderboard.jsx": {"path":"C:\\Users\\CHISTEV\\Documents\\stats-nba-trivia\\src\\components\\Leaderboard.jsx","statementMap":{"0":{"start":{"line":5,"column":22},"end":{"line":5,"column":null}},"1":{"start":{"line":6,"column":17},"end":{"line":6,"column":null}},"2":{"start":{"line":7,"column":18},"end":{"line":7,"column":null}},"3":{"start":{"line":8,"column":19},"end":{"line":8,"column":null}},"4":{"start":{"line":9,"column":23},"end":{"line":9,"column":null}},"5":{"start":{"line":11,"column":23},"end":{"line":11,"column":null}},"6":{"start":{"line":13,"column":2},"end":{"line":15,"column":null}},"7":{"start":{"line":14,"column":4},"end":{"line":14,"column":null}},"8":{"start":{"line":17,"column":27},"end":{"line":30,"column":null}},"9":{"start":{"line":18,"column":4},"end":{"line":18,"column":null}},"10":{"start":{"line":19,"column":4},"end":{"line":29,"column":null}},"11":{"start":{"line":20,"column":23},"end":{"line":20,"column":null}},"12":{"start":{"line":21,"column":19},"end":{"line":21,"column":null}},"13":{"start":{"line":22,"column":6},"end":{"line":22,"column":null}},"14":{"start":{"line":23,"column":6},"end":{"line":23,"column":null}},"15":{"start":{"line":24,"column":6},"end":{"line":24,"column":null}},"16":{"start":{"line":26,"column":6},"end":{"line":26,"column":null}},"17":{"start":{"line":28,"column":6},"end":{"line":28,"column":null}},"18":{"start":{"line":32,"column":8},"end":{"line":37,"column":null}},"19":{"start":{"line":33,"column":4},"end":{"line":33,"column":null}},"20":{"start":{"line":33,"column":20},"end":{"line":33,"column":null}},"21":{"start":{"line":34,"column":4},"end":{"line":34,"column":null}},"22":{"start":{"line":34,"column":20},"end":{"line":34,"column":null}},"23":{"start":{"line":35,"column":4},"end":{"line":35,"column":null}},"24":{"start":{"line":35,"column":20},"end":{"line":35,"column":null}},"25":{"start":{"line":36,"column":4},"end":{"line":36,"column":null}},"26":{"start":{"line":39,"column":8},"end":{"line":46,"column":null}},"27":{"start":{"line":40,"column":4},"end":{"line":45,"column":null}},"28":{"start":{"line":41,"column":23},"end":{"line":41,"column":null}},"29":{"start":{"line":42,"column":22},"end":{"line":42,"column":null}},"30":{"start":{"line":43,"column":21},"end":{"line":43,"column":null}},"31":{"start":{"line":44,"column":15},"end":{"line":44,"column":null}},"32":{"start":{"line":48,"column":8},"end":{"line":55,"column":null}},"33":{"start":{"line":49,"column":4},"end":{"line":54,"column":null}},"34":{"start":{"line":50,"column":23},"end":{"line":50,"column":null}},"35":{"start":{"line":51,"column":22},"end":{"line":51,"column":null}},"36":{"start":{"line":52,"column":21},"end":{"line":52,"column":null}},"37":{"start":{"line":53,"column":15},"end":{"line":53,"column":null}},"38":{"start":{"line":57,"column":2},"end":{"line":179,"column":null}},"39":{"start":{"line":68,"column":29},"end":{"line":68,"column":null}},"40":{"start":{"line":78,"column":29},"end":{"line":78,"column":null}},"41":{"start":{"line":88,"column":29},"end":{"line":88,"column":null}},"42":{"start":{"line":119,"column":14},"end":{"line":149,"column":null}},"43":{"start":{"line":171,"column":29},"end":{"line":171,"column":null}}},"fnMap":{"0":{"name":"Leaderboard","decl":{"start":{"line":4,"column":24},"end":{"line":4,"column":38}},"loc":{"start":{"line":4,"column":38},"end":{"line":181,"column":null}},"line":4},"1":{"name":"(anonymous_1)","decl":{"start":{"line":13,"column":2},"end":{"line":13,"column":18}},"loc":{"start":{"line":13,"column":18},"end":{"line":15,"column":5}},"line":13},"2":{"name":"(anonymous_2)","decl":{"start":{"line":17,"column":27},"end":{"line":17,"column":39}},"loc":{"start":{"line":17,"column":39},"end":{"line":30,"column":null}},"line":17},"3":{"name":"(anonymous_3)","decl":{"start":{"line":32,"column":8},"end":{"line":32,"column":23}},"loc":{"start":{"line":32,"column":32},"end":{"line":37,"column":null}},"line":32},"4":{"name":"(anonymous_4)","decl":{"start":{"line":39,"column":8},"end":{"line":39,"column":30}},"loc":{"start":{"line":39,"column":30},"end":{"line":46,"column":null}},"line":39},"5":{"name":"(anonymous_5)","decl":{"start":{"line":48,"column":8},"end":{"line":48,"column":31}},"loc":{"start":{"line":48,"column":31},"end":{"line":55,"column":null}},"line":48},"6":{"name":"(anonymous_6)","decl":{"start":{"line":68,"column":14},"end":{"line":68,"column":29}},"loc":{"start":{"line":68,"column":29},"end":{"line":68,"column":null}},"line":68},"7":{"name":"(anonymous_7)","decl":{"start":{"line":78,"column":14},"end":{"line":78,"column":29}},"loc":{"start":{"line":78,"column":29},"end":{"line":78,"column":null}},"line":78},"8":{"name":"(anonymous_8)","decl":{"start":{"line":88,"column":14},"end":{"line":88,"column":29}},"loc":{"start":{"line":88,"column":29},"end":{"line":88,"column":null}},"line":88},"9":{"name":"(anonymous_9)","decl":{"start":{"line":118,"column":25},"end":{"line":118,"column":30}},"loc":{"start":{"line":119,"column":14},"end":{"line":149,"column":null}},"line":119},"10":{"name":"(anonymous_10)","decl":{"start":{"line":171,"column":14},"end":{"line":171,"column":29}},"loc":{"start":{"line":171,"column":29},"end":{"line":171,"column":null}},"line":171}},"branchMap":{"0":{"loc":{"start":{"line":33,"column":4},"end":{"line":33,"column":null}},"type":"if","locations":[{"start":{"line":33,"column":4},"end":{"line":33,"column":null}},{"start":{},"end":{}}],"line":33},"1":{"loc":{"start":{"line":34,"column":4},"end":{"line":34,"column":null}},"type":"if","locations":[{"start":{"line":34,"column":4},"end":{"line":34,"column":null}},{"start":{},"end":{}}],"line":34},"2":{"loc":{"start":{"line":35,"column":4},"end":{"line":35,"column":null}},"type":"if","locations":[{"start":{"line":35,"column":4},"end":{"line":35,"column":null}},{"start":{},"end":{}}],"line":35},"3":{"loc":{"start":{"line":40,"column":4},"end":{"line":45,"column":null}},"type":"switch","locations":[{"start":{"line":41,"column":6},"end":{"line":41,"column":null}},{"start":{"line":42,"column":6},"end":{"line":42,"column":null}},{"start":{"line":43,"column":6},"end":{"line":43,"column":null}},{"start":{"line":44,"column":6},"end":{"line":44,"column":null}}],"line":40},"4":{"loc":{"start":{"line":49,"column":4},"end":{"line":54,"column":null}},"type":"switch","locations":[{"start":{"line":50,"column":6},"end":{"line":50,"column":null}},{"start":{"line":51,"column":6},"end":{"line":51,"column":null}},{"start":{"line":52,"column":6},"end":{"line":52,"column":null}},{"start":{"line":53,"column":6},"end":{"line":53,"column":null}}],"line":49},"5":{"loc":{"start":{"line":70,"column":16},"end":{"line":72,"column":null}},"type":"cond-expr","locations":[{"start":{"line":71,"column":20},"end":{"line":71,"column":null}},{"start":{"line":72,"column":20},"end":{"line":72,"column":null}}],"line":70},"6":{"loc":{"start":{"line":80,"column":16},"end":{"line":82,"column":null}},"type":"cond-expr","locations":[{"start":{"line":81,"column":20},"end":{"line":81,"column":null}},{"start":{"line":82,"column":20},"end":{"line":82,"column":null}}],"line":80},"7":{"loc":{"start":{"line":90,"column":16},"end":{"line":92,"column":null}},"type":"cond-expr","locations":[{"start":{"line":91,"column":20},"end":{"line":91,"column":null}},{"start":{"line":92,"column":20},"end":{"line":92,"column":null}}],"line":90},"8":{"loc":{"start":{"line":106,"column":9},"end":{"line":151,"column":null}},"type":"cond-expr","locations":[{"start":{"line":107,"column":10},"end":{"line":111,"column":24}},{"start":{"line":111,"column":12},"end":{"line":151,"column":null}}],"line":106},"9":{"loc":{"start":{"line":111,"column":12},"end":{"line":151,"column":null}},"type":"cond-expr","locations":[{"start":{"line":112,"column":10},"end":{"line":117,"column":11}},{"start":{"line":117,"column":10},"end":{"line":151,"column":null}}],"line":111},"10":{"loc":{"start":{"line":122,"column":18},"end":{"line":122,"column":null}},"type":"cond-expr","locations":[{"start":{"line":122,"column":45},"end":{"line":122,"column":91}},{"start":{"line":122,"column":91},"end":{"line":122,"column":null}}],"line":122},"11":{"loc":{"start":{"line":133,"column":25},"end":{"line":138,"column":null}},"type":"binary-expr","locations":[{"start":{"line":133,"column":25},"end":{"line":133,"column":null}},{"start":{"line":134,"column":26},"end":{"line":138,"column":null}}],"line":133},"12":{"loc":{"start":{"line":156,"column":7},"end":{"line":177,"column":null}},"type":"binary-expr","locations":[{"start":{"line":156,"column":7},"end":{"line":156,"column":19}},{"start":{"line":156,"column":19},"end":{"line":156,"column":null}},{"start":{"line":157,"column":8},"end":{"line":177,"column":null}}],"line":156}},"s":{"0":0,"1":0,"2":0,"3":0,"4":0,"5":0,"6":0,"7":0,"8":0,"9":0,"10":0,"11":0,"12":0,"13":0,"14":0,"15":0,"16":0,"17":0,"18":0,"19":0,"20":0,"21":0,"22":0,"23":0,"24":0,"25":0,"26":0,"27":0,"28":0,"29":0,"30":0,"31":0,"32":0,"33":0,"34":0,"35":0,"36":0,"37":0,"38":0,"39":0,"40":0,"41":0,"42":0,"43":0},"f":{"0":0,"1":0,"2":0,"3":0,"4":0,"5":0,"6":0,"7":0,"8":0,"9":0,"10":0},"b":{"0":[0,0],"1":[0,0],"2":[0,0],"3":[0,0,0,0],"4":[0,0,0,0],"5":[0,0],"6":[0,0],"7":[0,0],"8":[0,0],"9":[0,0],"10":[0,0],"11":[0,0],"12":[0,0,0]},"meta":{"lastBranch":13,"lastFunction":11,"lastStatement":44,"seen":{"f:4:24:4:38":0,"s:5:22:5:Infinity":0,"s:6:17:6:Infinity":1,"s:7:18:7:Infinity":2,"s:8:19:8:Infinity":3,"s:9:23:9:Infinity":4,"s:11:23:11:Infinity":5,"s:13:2:15:Infinity":6,"f:13:2:13:18":1,"s:14:4:14:Infinity":7,"s:17:27:30:Infinity":8,"f:17:27:17:39":2,"s:18:4:18:Infinity":9,"s:19:4:29:Infinity":10,"s:20:23:20:Infinity":11,"s:21:19:21:Infinity":12,"s:22:6:22:Infinity":13,"s:23:6:23:Infinity":14,"s:24:6:24:Infinity":15,"s:26:6:26:Infinity":16,"s:28:6:28:Infinity":17,"s:32:8:37:Infinity":18,"f:32:8:32:23":3,"b:33:4:33:Infinity:undefined:undefined:undefined:undefined":0,"s:33:4:33:Infinity":19,"s:33:20:33:Infinity":20,"b:34:4:34:Infinity:undefined:undefined:undefined:undefined":1,"s:34:4:34:Infinity":21,"s:34:20:34:Infinity":22,"b:35:4:35:Infinity:undefined:undefined:undefined:undefined":2,"s:35:4:35:Infinity":23,"s:35:20:35:Infinity":24,"s:36:4:36:Infinity":25,"s:39:8:46:Infinity":26,"f:39:8:39:30":4,"b:41:6:41:Infinity:42:6:42:Infinity:43:6:43:Infinity:44:6:44:Infinity":3,"s:40:4:45:Infinity":27,"s:41:23:41:Infinity":28,"s:42:22:42:Infinity":29,"s:43:21:43:Infinity":30,"s:44:15:44:Infinity":31,"s:48:8:55:Infinity":32,"f:48:8:48:31":5,"b:50:6:50:Infinity:51:6:51:Infinity:52:6:52:Infinity:53:6:53:Infinity":4,"s:49:4:54:Infinity":33,"s:50:23:50:Infinity":34,"s:51:22:51:Infinity":35,"s:52:21:52:Infinity":36,"s:53:15:53:Infinity":37,"s:57:2:179:Infinity":38,"f:68:14:68:29":6,"s:68:29:68:Infinity":39,"b:71:20:71:Infinity:72:20:72:Infinity":5,"f:78:14:78:29":7,"s:78:29:78:Infinity":40,"b:81:20:81:Infinity:82:20:82:Infinity":6,"f:88:14:88:29":8,"s:88:29:88:Infinity":41,"b:91:20:91:Infinity:92:20:92:Infinity":7,"b:107:10:111:24:111:12:151:Infinity":8,"b:112:10:117:11:117:10:151:Infinity":9,"f:118:25:118:30":9,"s:119:14:149:Infinity":42,"b:122:45:122:91:122:91:122:Infinity":10,"b:133:25:133:Infinity:134:26:138:Infinity":11,"b:156:7:156:19:156:19:156:Infinity:157:8:177:Infinity":12,"f:171:14:171:29":10,"s:171:29:171:Infinity":43},"fnNames":{}}}
,"C:\\Users\\CHISTEV\\Documents\\stats-nba-trivia\\src\\components\\PlayerCard.jsx": {"path":"C:\\Users\\CHISTEV\\Documents\\stats-nba-trivia\\src\\components\\PlayerCard.jsx","statementMap":{"0":{"start":{"line":2,"column":2},"end":{"line":2,"column":null}},"1":{"start":{"line":2,"column":15},"end":{"line":2,"column":null}},"2":{"start":{"line":4,"column":2},"end":{"line":44,"column":null}}},"fnMap":{"0":{"name":"PlayerCard","decl":{"start":{"line":1,"column":24},"end":{"line":1,"column":35}},"loc":{"start":{"line":1,"column":59},"end":{"line":46,"column":null}},"line":1}},"branchMap":{"0":{"loc":{"start":{"line":2,"column":2},"end":{"line":2,"column":null}},"type":"if","locations":[{"start":{"line":2,"column":2},"end":{"line":2,"column":null}},{"start":{},"end":{}}],"line":2},"1":{"loc":{"start":{"line":7,"column":9},"end":{"line":10,"column":null}},"type":"cond-expr","locations":[{"start":{"line":8,"column":10},"end":{"line":10,"column":11}},{"start":{"line":10,"column":10},"end":{"line":10,"column":null}}],"line":7},"2":{"loc":{"start":{"line":15,"column":9},"end":{"line":15,"column":null}},"type":"cond-expr","locations":[{"start":{"line":15,"column":22},"end":{"line":15,"column":36}},{"start":{"line":15,"column":36},"end":{"line":15,"column":null}}],"line":15},"3":{"loc":{"start":{"line":18,"column":7},"end":{"line":42,"column":null}},"type":"binary-expr","locations":[{"start":{"line":18,"column":7},"end":{"line":18,"column":null}},{"start":{"line":19,"column":8},"end":{"line":42,"column":null}}],"line":18}},"s":{"0":0,"1":0,"2":0},"f":{"0":0},"b":{"0":[0,0],"1":[0,0],"2":[0,0],"3":[0,0]},"meta":{"lastBranch":4,"lastFunction":1,"lastStatement":3,"seen":{"f:1:24:1:35":0,"b:2:2:2:Infinity:undefined:undefined:undefined:undefined":0,"s:2:2:2:Infinity":0,"s:2:15:2:Infinity":1,"s:4:2:44:Infinity":2,"b:8:10:10:11:10:10:10:Infinity":1,"b:15:22:15:36:15:36:15:Infinity":2,"b:18:7:18:Infinity:19:8:42:Infinity":3},"fnNames":{}}}
,"C:\\Users\\CHISTEV\\Documents\\stats-nba-trivia\\src\\components\\ShareModal.jsx": {"path":"C:\\Users\\CHISTEV\\Documents\\stats-nba-trivia\\src\\components\\ShareModal.jsx","statementMap":{"0":{"start":{"line":5,"column":17},"end":{"line":5,"column":null}},"1":{"start":{"line":7,"column":8},"end":{"line":17,"column":null}},"2":{"start":{"line":8,"column":22},"end":{"line":8,"column":null}},"3":{"start":{"line":9,"column":22},"end":{"line":9,"column":null}},"4":{"start":{"line":11,"column":4},"end":{"line":16,"column":null}},"5":{"start":{"line":19,"column":21},"end":{"line":23,"column":null}},"6":{"start":{"line":20,"column":4},"end":{"line":20,"column":null}},"7":{"start":{"line":21,"column":4},"end":{"line":21,"column":null}},"8":{"start":{"line":22,"column":4},"end":{"line":22,"column":null}},"9":{"start":{"line":22,"column":21},"end":{"line":22,"column":39}},"10":{"start":{"line":25,"column":2},"end":{"line":47,"column":null}}},"fnMap":{"0":{"name":"ShareModal","decl":{"start":{"line":4,"column":24},"end":{"line":4,"column":35}},"loc":{"start":{"line":4,"column":115},"end":{"line":49,"column":null}},"line":4},"1":{"name":"(anonymous_1)","decl":{"start":{"line":7,"column":8},"end":{"line":7,"column":29}},"loc":{"start":{"line":7,"column":29},"end":{"line":17,"column":null}},"line":7},"2":{"name":"(anonymous_2)","decl":{"start":{"line":19,"column":21},"end":{"line":19,"column":33}},"loc":{"start":{"line":19,"column":33},"end":{"line":23,"column":null}},"line":19},"3":{"name":"(anonymous_3)","decl":{"start":{"line":22,"column":4},"end":{"line":22,"column":21}},"loc":{"start":{"line":22,"column":21},"end":{"line":22,"column":39}},"line":22}},"branchMap":{"0":{"loc":{"start":{"line":12,"column":38},"end":{"line":12,"column":74}},"type":"cond-expr","locations":[{"start":{"line":12,"column":54},"end":{"line":12,"column":64}},{"start":{"line":12,"column":64},"end":{"line":12,"column":74}}],"line":12},"1":{"loc":{"start":{"line":43,"column":11},"end":{"line":44,"column":20}},"type":"cond-expr","locations":[{"start":{"line":43,"column":20},"end":{"line":43,"column":53}},{"start":{"line":43,"column":52},"end":{"line":44,"column":20}}],"line":43},"2":{"loc":{"start":{"line":44,"column":11},"end":{"line":44,"column":null}},"type":"cond-expr","locations":[{"start":{"line":44,"column":20},"end":{"line":44,"column":45}},{"start":{"line":44,"column":45},"end":{"line":44,"column":null}}],"line":44}},"s":{"0":0,"1":0,"2":0,"3":0,"4":0,"5":0,"6":0,"7":0,"8":0,"9":0,"10":0},"f":{"0":0,"1":0,"2":0,"3":0},"b":{"0":[0,0],"1":[0,0],"2":[0,0]},"meta":{"lastBranch":3,"lastFunction":4,"lastStatement":11,"seen":{"f:4:24:4:35":0,"s:5:17:5:Infinity":0,"s:7:8:17:Infinity":1,"f:7:8:7:29":1,"s:8:22:8:Infinity":2,"s:9:22:9:Infinity":3,"s:11:4:16:Infinity":4,"b:12:54:12:64:12:64:12:74":0,"s:19:21:23:Infinity":5,"f:19:21:19:33":2,"s:20:4:20:Infinity":6,"s:21:4:21:Infinity":7,"s:22:4:22:Infinity":8,"f:22:4:22:21":3,"s:22:21:22:39":9,"s:25:2:47:Infinity":10,"b:43:20:43:53:43:52:44:20":1,"b:44:20:44:45:44:45:44:Infinity":2},"fnNames":{}}}
,"C:\\Users\\CHISTEV\\Documents\\stats-nba-trivia\\src\\components\\StreakCounter.jsx": {"path":"C:\\Users\\CHISTEV\\Documents\\stats-nba-trivia\\src\\components\\StreakCounter.jsx","statementMap":{"0":{"start":{"line":4,"column":2},"end":{"line":4,"column":null}},"1":{"start":{"line":4,"column":20},"end":{"line":4,"column":null}},"2":{"start":{"line":6,"column":2},"end":{"line":10,"column":null}}},"fnMap":{"0":{"name":"StreakCounter","decl":{"start":{"line":3,"column":24},"end":{"line":3,"column":38}},"loc":{"start":{"line":3,"column":50},"end":{"line":12,"column":null}},"line":3}},"branchMap":{"0":{"loc":{"start":{"line":4,"column":2},"end":{"line":4,"column":null}},"type":"if","locations":[{"start":{"line":4,"column":2},"end":{"line":4,"column":null}},{"start":{},"end":{}}],"line":4}},"s":{"0":0,"1":0,"2":0},"f":{"0":0},"b":{"0":[0,0]},"meta":{"lastBranch":1,"lastFunction":1,"lastStatement":3,"seen":{"f:3:24:3:38":0,"b:4:2:4:Infinity:undefined:undefined:undefined:undefined":0,"s:4:2:4:Infinity":0,"s:4:20:4:Infinity":1,"s:6:2:10:Infinity":2},"fnNames":{}}}
,"C:\\Users\\CHISTEV\\Documents\\stats-nba-trivia\\src\\components\\UserProfile.jsx": {"path":"C:\\Users\\CHISTEV\\Documents\\stats-nba-trivia\\src\\components\\UserProfile.jsx","statementMap":{"0":{"start":{"line":5,"column":16},"end":{"line":5,"column":null}},"1":{"start":{"line":6,"column":22},"end":{"line":6,"column":null}},"2":{"start":{"line":7,"column":18},"end":{"line":7,"column":null}},"3":{"start":{"line":8,"column":20},"end":{"line":8,"column":null}},"4":{"start":{"line":10,"column":23},"end":{"line":10,"column":null}},"5":{"start":{"line":12,"column":2},"end":{"line":16,"column":null}},"6":{"start":{"line":13,"column":4},"end":{"line":15,"column":null}},"7":{"start":{"line":14,"column":6},"end":{"line":14,"column":null}},"8":{"start":{"line":18,"column":25},"end":{"line":48,"column":null}},"9":{"start":{"line":19,"column":18},"end":{"line":19,"column":null}},"10":{"start":{"line":20,"column":4},"end":{"line":20,"column":null}},"11":{"start":{"line":20,"column":16},"end":{"line":20,"column":null}},"12":{"start":{"line":22,"column":4},"end":{"line":32,"column":null}},"13":{"start":{"line":23,"column":23},"end":{"line":27,"column":null}},"14":{"start":{"line":28,"column":19},"end":{"line":28,"column":null}},"15":{"start":{"line":29,"column":6},"end":{"line":29,"column":null}},"16":{"start":{"line":31,"column":6},"end":{"line":31,"column":null}},"17":{"start":{"line":35,"column":4},"end":{"line":47,"column":null}},"18":{"start":{"line":36,"column":23},"end":{"line":40,"column":null}},"19":{"start":{"line":41,"column":19},"end":{"line":41,"column":null}},"20":{"start":{"line":42,"column":6},"end":{"line":42,"column":null}},"21":{"start":{"line":44,"column":6},"end":{"line":44,"column":null}},"22":{"start":{"line":46,"column":6},"end":{"line":46,"column":null}},"23":{"start":{"line":50,"column":8},"end":{"line":55,"column":null}},"24":{"start":{"line":51,"column":4},"end":{"line":51,"column":null}},"25":{"start":{"line":52,"column":4},"end":{"line":52,"column":null}},"26":{"start":{"line":53,"column":4},"end":{"line":53,"column":null}},"27":{"start":{"line":54,"column":4},"end":{"line":54,"column":null}},"28":{"start":{"line":57,"column":2},"end":{"line":67,"column":null}},"29":{"start":{"line":58,"column":4},"end":{"line":65,"column":null}},"30":{"start":{"line":60,"column":23},"end":{"line":60,"column":null}},"31":{"start":{"line":69,"column":2},"end":{"line":223,"column":null}},"32":{"start":{"line":76,"column":33},"end":{"line":76,"column":54}},"33":{"start":{"line":196,"column":20},"end":{"line":207,"column":null}}},"fnMap":{"0":{"name":"UserProfile","decl":{"start":{"line":4,"column":24},"end":{"line":4,"column":36}},"loc":{"start":{"line":4,"column":56},"end":{"line":225,"column":null}},"line":4},"1":{"name":"(anonymous_1)","decl":{"start":{"line":12,"column":2},"end":{"line":12,"column":18}},"loc":{"start":{"line":12,"column":18},"end":{"line":16,"column":5}},"line":12},"2":{"name":"(anonymous_2)","decl":{"start":{"line":18,"column":25},"end":{"line":18,"column":37}},"loc":{"start":{"line":18,"column":37},"end":{"line":48,"column":null}},"line":18},"3":{"name":"(anonymous_3)","decl":{"start":{"line":50,"column":8},"end":{"line":50,"column":29}},"loc":{"start":{"line":50,"column":29},"end":{"line":55,"column":null}},"line":50},"4":{"name":"(anonymous_4)","decl":{"start":{"line":60,"column":8},"end":{"line":60,"column":23}},"loc":{"start":{"line":60,"column":23},"end":{"line":60,"column":null}},"line":60},"5":{"name":"(anonymous_5)","decl":{"start":{"line":76,"column":18},"end":{"line":76,"column":33}},"loc":{"start":{"line":76,"column":33},"end":{"line":76,"column":54}},"line":76},"6":{"name":"(anonymous_6)","decl":{"start":{"line":195,"column":38},"end":{"line":195,"column":43}},"loc":{"start":{"line":196,"column":20},"end":{"line":207,"column":null}},"line":196}},"branchMap":{"0":{"loc":{"start":{"line":13,"column":4},"end":{"line":15,"column":null}},"type":"if","locations":[{"start":{"line":13,"column":4},"end":{"line":15,"column":null}},{"start":{},"end":{}}],"line":13},"1":{"loc":{"start":{"line":13,"column":8},"end":{"line":13,"column":27}},"type":"binary-expr","locations":[{"start":{"line":13,"column":8},"end":{"line":13,"column":16}},{"start":{"line":13,"column":16},"end":{"line":13,"column":27}}],"line":13},"2":{"loc":{"start":{"line":20,"column":4},"end":{"line":20,"column":null}},"type":"if","locations":[{"start":{"line":20,"column":4},"end":{"line":20,"column":null}},{"start":{},"end":{}}],"line":20},"3":{"loc":{"start":{"line":57,"column":2},"end":{"line":67,"column":null}},"type":"if","locations":[{"start":{"line":57,"column":2},"end":{"line":67,"column":null}},{"start":{},"end":{}}],"line":57},"4":{"loc":{"start":{"line":81,"column":9},"end":{"line":222,"column":null}},"type":"cond-expr","locations":[{"start":{"line":82,"column":10},"end":{"line":84,"column":null}},{"start":{"line":84,"column":10},"end":{"line":222,"column":null}}],"line":81},"5":{"loc":{"start":{"line":95,"column":13},"end":{"line":127,"column":null}},"type":"binary-expr","locations":[{"start":{"line":95,"column":13},"end":{"line":95,"column":null}},{"start":{"line":96,"column":14},"end":{"line":127,"column":null}}],"line":95},"6":{"loc":{"start":{"line":131,"column":13},"end":{"line":187,"column":null}},"type":"binary-expr","locations":[{"start":{"line":131,"column":13},"end":{"line":131,"column":28}},{"start":{"line":131,"column":28},"end":{"line":131,"column":null}},{"start":{"line":132,"column":14},"end":{"line":187,"column":null}}],"line":131},"7":{"loc":{"start":{"line":191,"column":13},"end":{"line":210,"column":null}},"type":"binary-expr","locations":[{"start":{"line":191,"column":13},"end":{"line":191,"column":22}},{"start":{"line":191,"column":22},"end":{"line":191,"column":44}},{"start":{"line":191,"column":44},"end":{"line":191,"column":null}},{"start":{"line":192,"column":14},"end":{"line":210,"column":null}}],"line":191},"8":{"loc":{"start":{"line":202,"column":53},"end":{"line":202,"column":null}},"type":"cond-expr","locations":[{"start":{"line":202,"column":64},"end":{"line":202,"column":83}},{"start":{"line":202,"column":83},"end":{"line":202,"column":null}}],"line":202},"9":{"loc":{"start":{"line":203,"column":27},"end":{"line":203,"column":null}},"type":"cond-expr","locations":[{"start":{"line":203,"column":38},"end":{"line":203,"column":57}},{"start":{"line":203,"column":57},"end":{"line":203,"column":null}}],"line":203}},"s":{"0":0,"1":0,"2":0,"3":0,"4":0,"5":0,"6":0,"7":0,"8":0,"9":0,"10":0,"11":0,"12":0,"13":0,"14":0,"15":0,"16":0,"17":0,"18":0,"19":0,"20":0,"21":0,"22":0,"23":0,"24":0,"25":0,"26":0,"27":0,"28":0,"29":0,"30":0,"31":0,"32":0,"33":0},"f":{"0":0,"1":0,"2":0,"3":0,"4":0,"5":0,"6":0},"b":{"0":[0,0],"1":[0,0],"2":[0,0],"3":[0,0],"4":[0,0],"5":[0,0],"6":[0,0,0],"7":[0,0,0,0],"8":[0,0],"9":[0,0]},"meta":{"lastBranch":10,"lastFunction":7,"lastStatement":34,"seen":{"f:4:24:4:36":0,"s:5:16:5:Infinity":0,"s:6:22:6:Infinity":1,"s:7:18:7:Infinity":2,"s:8:20:8:Infinity":3,"s:10:23:10:Infinity":4,"s:12:2:16:Infinity":5,"f:12:2:12:18":1,"b:13:4:15:Infinity:undefined:undefined:undefined:undefined":0,"s:13:4:15:Infinity":6,"b:13:8:13:16:13:16:13:27":1,"s:14:6:14:Infinity":7,"s:18:25:48:Infinity":8,"f:18:25:18:37":2,"s:19:18:19:Infinity":9,"b:20:4:20:Infinity:undefined:undefined:undefined:undefined":2,"s:20:4:20:Infinity":10,"s:20:16:20:Infinity":11,"s:22:4:32:Infinity":12,"s:23:23:27:Infinity":13,"s:28:19:28:Infinity":14,"s:29:6:29:Infinity":15,"s:31:6:31:Infinity":16,"s:35:4:47:Infinity":17,"s:36:23:40:Infinity":18,"s:41:19:41:Infinity":19,"s:42:6:42:Infinity":20,"s:44:6:44:Infinity":21,"s:46:6:46:Infinity":22,"s:50:8:55:Infinity":23,"f:50:8:50:29":3,"s:51:4:51:Infinity":24,"s:52:4:52:Infinity":25,"s:53:4:53:Infinity":26,"s:54:4:54:Infinity":27,"b:57:2:67:Infinity:undefined:undefined:undefined:undefined":3,"s:57:2:67:Infinity":28,"s:58:4:65:Infinity":29,"f:60:8:60:23":4,"s:60:23:60:Infinity":30,"s:69:2:223:Infinity":31,"f:76:18:76:33":5,"s:76:33:76:54":32,"b:82:10:84:Infinity:84:10:222:Infinity":4,"b:95:13:95:Infinity:96:14:127:Infinity":5,"b:131:13:131:28:131:28:131:Infinity:132:14:187:Infinity":6,"b:191:13:191:22:191:22:191:44:191:44:191:Infinity:192:14:210:Infinity":7,"f:195:38:195:43":6,"s:196:20:207:Infinity":33,"b:202:64:202:83:202:83:202:Infinity":8,"b:203:38:203:57:203:57:203:Infinity":9},"fnNames":{}}}
,"C:\\Users\\CHISTEV\\Documents\\stats-nba-trivia\\src\\data\\players.js": {"path":"C:\\Users\\CHISTEV\\Documents\\stats-nba-trivia\\src\\data\\players.js","statementMap":{"0":{"start":{"line":1,"column":23},"end":{"line":43,"column":null}},"1":{"start":{"line":45,"column":13},"end":{"line":50,"column":null}},"2":{"start":{"line":46,"column":16},"end":{"line":46,"column":null}},"3":{"start":{"line":47,"column":20},"end":{"line":47,"column":null}},"4":{"start":{"line":48,"column":16},"end":{"line":48,"column":null}},"5":{"start":{"line":49,"column":2},"end":{"line":49,"column":null}}},"fnMap":{"0":{"name":"(anonymous_0)","decl":{"start":{"line":45,"column":13},"end":{"line":45,"column":36}},"loc":{"start":{"line":45,"column":36},"end":{"line":50,"column":null}},"line":45}},"branchMap":{},"s":{"0":0,"1":0,"2":0,"3":0,"4":0,"5":0},"f":{"0":0},"b":{},"meta":{"lastBranch":0,"lastFunction":1,"lastStatement":6,"seen":{"s:1:23:43:Infinity":0,"s:45:13:50:Infinity":1,"f:45:13:45:36":0,"s:46:16:46:Infinity":2,"s:47:20:47:Infinity":3,"s:48:16:48:Infinity":4,"s:49:2:49:Infinity":5},"fnNames":{}}}
,"C:\\Users\\CHISTEV\\Documents\\stats-nba-trivia\\src\\utils\\gameUtils.js": {"path":"C:\\Users\\CHISTEV\\Documents\\stats-nba-trivia\\src\\utils\\gameUtils.js","statementMap":{"0":{"start":{"line":1,"column":13},"end":{"line":7,"column":null}},"1":{"start":{"line":2,"column":2},"end":{"line":6,"column":null}},"2":{"start":{"line":3,"column":4},"end":{"line":3,"column":null}},"3":{"start":{"line":5,"column":4},"end":{"line":5,"column":null}},"4":{"start":{"line":9,"column":13},"end":{"line":17,"column":null}},"5":{"start":{"line":10,"column":2},"end":{"line":16,"column":null}},"6":{"start":{"line":11,"column":18},"end":{"line":11,"column":null}},"7":{"start":{"line":12,"column":4},"end":{"line":12,"column":null}},"8":{"start":{"line":14,"column":4},"end":{"line":14,"column":null}},"9":{"start":{"line":15,"column":4},"end":{"line":15,"column":null}},"10":{"start":{"line":19,"column":13},"end":{"line":43,"column":null}},"11":{"start":{"line":20,"column":2},"end":{"line":42,"column":null}},"12":{"start":{"line":21,"column":24},"end":{"line":21,"column":null}},"13":{"start":{"line":22,"column":22},"end":{"line":22,"column":null}},"14":{"start":{"line":23,"column":15},"end":{"line":23,"column":null}},"15":{"start":{"line":24,"column":21},"end":{"line":24,"column":null}},"16":{"start":{"line":26,"column":20},"end":{"line":26,"column":null}},"17":{"start":{"line":28,"column":4},"end":{"line":32,"column":null}},"18":{"start":{"line":29,"column":6},"end":{"line":29,"column":null}},"19":{"start":{"line":30,"column":6},"end":{"line":30,"column":null}},"20":{"start":{"line":30,"column":34},"end":{"line":30,"column":null}},"21":{"start":{"line":31,"column":6},"end":{"line":31,"column":null}},"22":{"start":{"line":34,"column":4},"end":{"line":34,"column":null}},"23":{"start":{"line":35,"column":4},"end":{"line":35,"column":null}},"24":{"start":{"line":36,"column":4},"end":{"line":36,"column":null}},"25":{"start":{"line":38,"column":4},"end":{"line":38,"column":null}},"26":{"start":{"line":40,"column":4},"end":{"line":40,"column":null}},"27":{"start":{"line":41,"column":4},"end":{"line":41,"column":null}},"28":{"start":{"line":45,"column":13},"end":{"line":61,"column":null}},"29":{"start":{"line":46,"column":2},"end":{"line":60,"column":null}},"30":{"start":{"line":47,"column":24},"end":{"line":47,"column":null}},"31":{"start":{"line":48,"column":17},"end":{"line":48,"column":null}},"32":{"start":{"line":49,"column":20},"end":{"line":49,"column":null}},"33":{"start":{"line":51,"column":4},"end":{"line":56,"column":null}},"34":{"start":{"line":58,"column":4},"end":{"line":58,"column":null}},"35":{"start":{"line":59,"column":4},"end":{"line":59,"column":null}}},"fnMap":{"0":{"name":"(anonymous_0)","decl":{"start":{"line":1,"column":13},"end":{"line":1,"column":30}},"loc":{"start":{"line":1,"column":40},"end":{"line":7,"column":null}},"line":1},"1":{"name":"(anonymous_1)","decl":{"start":{"line":9,"column":13},"end":{"line":9,"column":35}},"loc":{"start":{"line":9,"column":35},"end":{"line":17,"column":null}},"line":9},"2":{"name":"(anonymous_2)","decl":{"start":{"line":19,"column":13},"end":{"line":19,"column":29}},"loc":{"start":{"line":19,"column":37},"end":{"line":43,"column":null}},"line":19},"3":{"name":"(anonymous_3)","decl":{"start":{"line":45,"column":13},"end":{"line":45,"column":36}},"loc":{"start":{"line":45,"column":36},"end":{"line":61,"column":null}},"line":45}},"branchMap":{"0":{"loc":{"start":{"line":12,"column":11},"end":{"line":12,"column":null}},"type":"cond-expr","locations":[{"start":{"line":12,"column":19},"end":{"line":12,"column":39}},{"start":{"line":12,"column":39},"end":{"line":12,"column":null}}],"line":12},"1":{"loc":{"start":{"line":21,"column":33},"end":{"line":21,"column":76}},"type":"binary-expr","locations":[{"start":{"line":21,"column":33},"end":{"line":21,"column":73}},{"start":{"line":21,"column":73},"end":{"line":21,"column":76}}],"line":21},"2":{"loc":{"start":{"line":22,"column":31},"end":{"line":22,"column":80}},"type":"binary-expr","locations":[{"start":{"line":22,"column":31},"end":{"line":22,"column":77}},{"start":{"line":22,"column":77},"end":{"line":22,"column":80}}],"line":22},"3":{"loc":{"start":{"line":23,"column":24},"end":{"line":23,"column":65}},"type":"binary-expr","locations":[{"start":{"line":23,"column":24},"end":{"line":23,"column":62}},{"start":{"line":23,"column":62},"end":{"line":23,"column":65}}],"line":23},"4":{"loc":{"start":{"line":24,"column":30},"end":{"line":24,"column":78}},"type":"binary-expr","locations":[{"start":{"line":24,"column":30},"end":{"line":24,"column":75}},{"start":{"line":24,"column":75},"end":{"line":24,"column":78}}],"line":24},"5":{"loc":{"start":{"line":26,"column":20},"end":{"line":26,"column":null}},"type":"cond-expr","locations":[{"start":{"line":26,"column":26},"end":{"line":26,"column":46}},{"start":{"line":26,"column":46},"end":{"line":26,"column":null}}],"line":26},"6":{"loc":{"start":{"line":28,"column":4},"end":{"line":32,"column":null}},"type":"if","locations":[{"start":{"line":28,"column":4},"end":{"line":32,"column":null}},{"start":{},"end":{}}],"line":28},"7":{"loc":{"start":{"line":30,"column":6},"end":{"line":30,"column":null}},"type":"if","locations":[{"start":{"line":30,"column":6},"end":{"line":30,"column":null}},{"start":{},"end":{}}],"line":30},"8":{"loc":{"start":{"line":47,"column":33},"end":{"line":47,"column":82}},"type":"binary-expr","locations":[{"start":{"line":47,"column":33},"end":{"line":47,"column":79}},{"start":{"line":47,"column":79},"end":{"line":47,"column":82}}],"line":47},"9":{"loc":{"start":{"line":48,"column":26},"end":{"line":48,"column":67}},"type":"binary-expr","locations":[{"start":{"line":48,"column":26},"end":{"line":48,"column":64}},{"start":{"line":48,"column":64},"end":{"line":48,"column":67}}],"line":48},"10":{"loc":{"start":{"line":49,"column":20},"end":{"line":49,"column":null}},"type":"cond-expr","locations":[{"start":{"line":49,"column":38},"end":{"line":49,"column":79}},{"start":{"line":49,"column":79},"end":{"line":49,"column":null}}],"line":49},"11":{"loc":{"start":{"line":54,"column":30},"end":{"line":54,"column":73}},"type":"binary-expr","locations":[{"start":{"line":54,"column":30},"end":{"line":54,"column":70}},{"start":{"line":54,"column":70},"end":{"line":54,"column":73}}],"line":54},"12":{"loc":{"start":{"line":55,"column":27},"end":{"line":55,"column":75}},"type":"binary-expr","locations":[{"start":{"line":55,"column":27},"end":{"line":55,"column":72}},{"start":{"line":55,"column":72},"end":{"line":55,"column":75}}],"line":55}},"s":{"0":0,"1":0,"2":0,"3":0,"4":0,"5":0,"6":0,"7":0,"8":0,"9":0,"10":0,"11":0,"12":0,"13":0,"14":0,"15":0,"16":0,"17":0,"18":0,"19":0,"20":0,"21":0,"22":0,"23":0,"24":0,"25":0,"26":0,"27":0,"28":0,"29":0,"30":0,"31":0,"32":0,"33":0,"34":0,"35":0},"f":{"0":0,"1":0,"2":0,"3":0},"b":{"0":[0,0],"1":[0,0],"2":[0,0],"3":[0,0],"4":[0,0],"5":[0,0],"6":[0,0],"7":[0,0],"8":[0,0],"9":[0,0],"10":[0,0],"11":[0,0],"12":[0,0]},"meta":{"lastBranch":13,"lastFunction":4,"lastStatement":36,"seen":{"s:1:13:7:Infinity":0,"f:1:13:1:30":0,"s:2:2:6:Infinity":1,"s:3:4:3:Infinity":2,"s:5:4:5:Infinity":3,"s:9:13:17:Infinity":4,"f:9:13:9:35":1,"s:10:2:16:Infinity":5,"s:11:18:11:Infinity":6,"s:12:4:12:Infinity":7,"b:12:19:12:39:12:39:12:Infinity":0,"s:14:4:14:Infinity":8,"s:15:4:15:Infinity":9,"s:19:13:43:Infinity":10,"f:19:13:19:29":2,"s:20:2:42:Infinity":11,"s:21:24:21:Infinity":12,"b:21:33:21:73:21:73:21:76":1,"s:22:22:22:Infinity":13,"b:22:31:22:77:22:77:22:80":2,"s:23:15:23:Infinity":14,"b:23:24:23:62:23:62:23:65":3,"s:24:21:24:Infinity":15,"b:24:30:24:75:24:75:24:78":4,"s:26:20:26:Infinity":16,"b:26:26:26:46:26:46:26:Infinity":5,"b:28:4:32:Infinity:undefined:undefined:undefined:undefined":6,"s:28:4:32:Infinity":17,"s:29:6:29:Infinity":18,"b:30:6:30:Infinity:undefined:undefined:undefined:undefined":7,"s:30:6:30:Infinity":19,"s:30:34:30:Infinity":20,"s:31:6:31:Infinity":21,"s:34:4:34:Infinity":22,"s:35:4:35:Infinity":23,"s:36:4:36:Infinity":24,"s:38:4:38:Infinity":25,"s:40:4:40:Infinity":26,"s:41:4:41:Infinity":27,"s:45:13:61:Infinity":28,"f:45:13:45:36":3,"s:46:2:60:Infinity":29,"s:47:24:47:Infinity":30,"b:47:33:47:79:47:79:47:82":8,"s:48:17:48:Infinity":31,"b:48:26:48:64:48:64:48:67":9,"s:49:20:49:Infinity":32,"b:49:38:49:79:49:79:49:Infinity":10,"s:51:4:56:Infinity":33,"b:54:30:54:70:54:70:54:73":11,"b:55:27:55:72:55:72:55:75":12,"s:58:4:58:Infinity":34,"s:59:4:59:Infinity":35},"fnNames":{}}}
}
