TN:
SF:src\components\AuthModal.jsx
FN:4,AuthModal
FN:16,(anonymous_1)
FN:64,(anonymous_2)
FN:159,(anonymous_3)
FNF:4
FNH:4
FNDA:269,AuthModal
FNDA:9,(anonymous_1)
FNDA:227,(anonymous_2)
FNDA:8,(anonymous_3)
DA:5,269
DA:6,269
DA:11,269
DA:12,269
DA:14,269
DA:16,269
DA:17,9
DA:18,9
DA:21,9
DA:22,1
DA:23,1
DA:26,8
DA:28,8
DA:29,8
DA:30,9
DA:39,9
DA:45,7
DA:47,6
DA:48,3
DA:49,3
DA:50,3
DA:52,3
DA:53,3
DA:55,3
DA:58,2
DA:60,8
DA:64,269
DA:65,227
DA:71,269
DA:73,268
DA:160,8
DA:161,8
LF:32
LH:32
BRDA:21,0,0,1
BRDA:21,0,1,8
BRDA:21,1,0,9
BRDA:21,1,1,4
BRDA:29,2,0,5
BRDA:29,2,1,3
BRDA:30,3,0,5
BRDA:30,3,1,3
BRDA:47,4,0,3
BRDA:47,4,1,3
BRDA:55,5,0,3
BRDA:55,5,1,2
BRDA:71,6,0,1
BRDA:71,6,1,268
BRDA:78,7,0,142
BRDA:78,7,1,126
BRDA:85,8,0,269
BRDA:85,8,1,5
BRDA:128,9,0,269
BRDA:128,9,1,126
BRDA:153,10,0,8
BRDA:153,10,1,260
BRDA:153,11,0,137
BRDA:153,11,1,123
BRDA:165,12,0,142
BRDA:165,12,1,126
BRF:26
BRH:26
end_of_record
TN:
SF:src\components\ClueCard.jsx
FN:4,ClueCard
FN:7,(anonymous_1)
FN:14,(anonymous_2)
FN:30,(anonymous_3)
FN:31,(anonymous_4)
FN:32,(anonymous_5)
FNF:6
FNH:0
FNDA:0,ClueCard
FNDA:0,(anonymous_1)
FNDA:0,(anonymous_2)
FNDA:0,(anonymous_3)
FNDA:0,(anonymous_4)
FNDA:0,(anonymous_5)
DA:5,0
DA:7,0
DA:8,0
DA:9,0
DA:10,0
DA:11,0
DA:14,0
DA:15,0
DA:16,0
DA:17,0
DA:18,0
DA:21,0
DA:30,0
DA:31,0
DA:32,0
LF:15
LH:0
BRDA:8,0,0,0
BRDA:8,0,1,0
BRDA:9,1,0,0
BRDA:9,1,1,0
BRDA:10,2,0,0
BRDA:10,2,1,0
BRDA:15,3,0,0
BRDA:15,3,1,0
BRDA:16,4,0,0
BRDA:16,4,1,0
BRDA:17,5,0,0
BRDA:17,5,1,0
BRDA:24,6,0,0
BRDA:24,6,1,0
BRDA:24,7,0,0
BRDA:24,7,1,0
BRDA:26,8,0,0
BRDA:26,8,1,0
BRDA:30,9,0,0
BRDA:30,9,1,0
BRDA:30,9,2,0
BRDA:36,10,0,0
BRDA:36,10,1,0
BRDA:40,11,0,0
BRDA:40,11,1,0
BRDA:40,12,0,0
BRDA:40,12,1,0
BRDA:45,13,0,0
BRDA:45,13,1,0
BRDA:46,14,0,0
BRDA:46,14,1,0
BRDA:47,15,0,0
BRDA:47,15,1,0
BRDA:55,16,0,0
BRDA:55,16,1,0
BRDA:58,17,0,0
BRDA:58,17,1,0
BRDA:58,18,0,0
BRDA:58,18,1,0
BRF:39
BRH:0
end_of_record
TN:
SF:src\components\Confetti.jsx
FN:3,Confetti
FN:6,(anonymous_1)
FN:22,(anonymous_2)
FN:23,(anonymous_3)
FN:25,(anonymous_4)
FN:30,(anonymous_5)
FN:34,(anonymous_6)
FN:39,(anonymous_7)
FN:47,(anonymous_8)
FNF:9
FNH:0
FNDA:0,Confetti
FNDA:0,(anonymous_1)
FNDA:0,(anonymous_2)
FNDA:0,(anonymous_3)
FNDA:0,(anonymous_4)
FNDA:0,(anonymous_5)
FNDA:0,(anonymous_6)
FNDA:0,(anonymous_7)
FNDA:0,(anonymous_8)
DA:4,0
DA:6,0
DA:7,0
DA:8,0
DA:9,0
DA:10,0
DA:20,0
DA:22,0
DA:23,0
DA:24,0
DA:25,0
DA:30,0
DA:34,0
DA:35,0
DA:36,0
DA:39,0
DA:40,0
DA:41,0
DA:45,0
DA:48,0
LF:20
LH:0
BRF:0
BRH:0
end_of_record
TN:
SF:src\components\FeedbackPanel.jsx
FN:3,FeedbackPanel
FN:13,(anonymous_1)
FNF:2
FNH:0
FNDA:0,FeedbackPanel
FNDA:0,(anonymous_1)
DA:4,0
DA:6,0
DA:14,0
LF:3
LH:0
BRDA:4,0,0,0
BRDA:4,0,1,0
BRDA:4,1,0,0
BRDA:4,1,1,0
BRDA:16,2,0,0
BRDA:16,2,1,0
BRF:6
BRH:0
end_of_record
TN:
SF:src\components\GameStats.jsx
FN:3,GameStats
FN:15,(anonymous_1)
FNF:2
FNH:0
FNDA:0,GameStats
FNDA:0,(anonymous_1)
DA:4,0
DA:11,0
DA:16,0
LF:3
LH:0
BRF:0
BRH:0
end_of_record
TN:
SF:src\components\GuessInput.jsx
FN:3,GuessInput
FN:9,(anonymous_1)
FN:11,(anonymous_2)
FN:22,(anonymous_3)
FN:31,(anonymous_4)
FN:46,(anonymous_5)
FN:56,(anonymous_6)
FN:60,(anonymous_7)
FNF:8
FNH:0
FNDA:0,GuessInput
FNDA:0,(anonymous_1)
FNDA:0,(anonymous_2)
FNDA:0,(anonymous_3)
FNDA:0,(anonymous_4)
FNDA:0,(anonymous_5)
FNDA:0,(anonymous_6)
FNDA:0,(anonymous_7)
DA:4,0
DA:5,0
DA:6,0
DA:7,0
DA:9,0
DA:10,0
DA:11,0
DA:12,0
DA:14,0
DA:15,0
DA:17,0
DA:18,0
DA:22,0
DA:23,0
DA:24,0
DA:25,0
DA:26,0
DA:27,0
DA:31,0
DA:32,0
DA:33,0
DA:34,0
DA:37,0
DA:46,0
DA:57,0
DA:60,0
LF:26
LH:0
BRDA:3,0,0,0
BRDA:10,1,0,0
BRDA:10,1,1,0
BRDA:24,2,0,0
BRDA:24,2,1,0
BRDA:24,3,0,0
BRDA:24,3,1,0
BRDA:49,4,0,0
BRDA:49,4,1,0
BRDA:54,5,0,0
BRDA:54,5,1,0
BRDA:54,5,2,0
BRDA:71,6,0,0
BRDA:71,6,1,0
BRDA:77,7,0,0
BRDA:77,7,1,0
BRDA:84,8,0,0
BRDA:84,8,1,0
BRF:18
BRH:0
end_of_record
TN:
SF:src\components\KeyboardHints.jsx
FN:1,KeyboardHints
FN:11,(anonymous_1)
FNF:2
FNH:0
FNDA:0,KeyboardHints
FNDA:0,(anonymous_1)
DA:2,0
DA:8,0
DA:12,0
LF:3
LH:0
BRF:0
BRH:0
end_of_record
TN:
SF:src\components\Leaderboard.jsx
FN:4,Leaderboard
FN:13,(anonymous_1)
FN:17,(anonymous_2)
FN:32,(anonymous_3)
FN:39,(anonymous_4)
FN:48,(anonymous_5)
FN:68,(anonymous_6)
FN:78,(anonymous_7)
FN:88,(anonymous_8)
FN:118,(anonymous_9)
FN:171,(anonymous_10)
FNF:11
FNH:0
FNDA:0,Leaderboard
FNDA:0,(anonymous_1)
FNDA:0,(anonymous_2)
FNDA:0,(anonymous_3)
FNDA:0,(anonymous_4)
FNDA:0,(anonymous_5)
FNDA:0,(anonymous_6)
FNDA:0,(anonymous_7)
FNDA:0,(anonymous_8)
FNDA:0,(anonymous_9)
FNDA:0,(anonymous_10)
DA:5,0
DA:6,0
DA:7,0
DA:8,0
DA:9,0
DA:11,0
DA:13,0
DA:14,0
DA:17,0
DA:18,0
DA:19,0
DA:20,0
DA:21,0
DA:22,0
DA:23,0
DA:24,0
DA:26,0
DA:28,0
DA:32,0
DA:33,0
DA:34,0
DA:35,0
DA:36,0
DA:39,0
DA:40,0
DA:41,0
DA:42,0
DA:43,0
DA:44,0
DA:48,0
DA:49,0
DA:50,0
DA:51,0
DA:52,0
DA:53,0
DA:57,0
DA:68,0
DA:78,0
DA:88,0
DA:119,0
DA:171,0
LF:41
LH:0
BRDA:33,0,0,0
BRDA:33,0,1,0
BRDA:34,1,0,0
BRDA:34,1,1,0
BRDA:35,2,0,0
BRDA:35,2,1,0
BRDA:40,3,0,0
BRDA:40,3,1,0
BRDA:40,3,2,0
BRDA:40,3,3,0
BRDA:49,4,0,0
BRDA:49,4,1,0
BRDA:49,4,2,0
BRDA:49,4,3,0
BRDA:70,5,0,0
BRDA:70,5,1,0
BRDA:80,6,0,0
BRDA:80,6,1,0
BRDA:90,7,0,0
BRDA:90,7,1,0
BRDA:106,8,0,0
BRDA:106,8,1,0
BRDA:111,9,0,0
BRDA:111,9,1,0
BRDA:122,10,0,0
BRDA:122,10,1,0
BRDA:133,11,0,0
BRDA:133,11,1,0
BRDA:156,12,0,0
BRDA:156,12,1,0
BRDA:156,12,2,0
BRF:31
BRH:0
end_of_record
TN:
SF:src\components\PlayerCard.jsx
FN:1,PlayerCard
FNF:1
FNH:0
FNDA:0,PlayerCard
DA:2,0
DA:4,0
LF:2
LH:0
BRDA:2,0,0,0
BRDA:2,0,1,0
BRDA:7,1,0,0
BRDA:7,1,1,0
BRDA:15,2,0,0
BRDA:15,2,1,0
BRDA:18,3,0,0
BRDA:18,3,1,0
BRF:8
BRH:0
end_of_record
TN:
SF:src\components\ShareModal.jsx
FN:4,ShareModal
FN:7,(anonymous_1)
FN:19,(anonymous_2)
FN:22,(anonymous_3)
FNF:4
FNH:0
FNDA:0,ShareModal
FNDA:0,(anonymous_1)
FNDA:0,(anonymous_2)
FNDA:0,(anonymous_3)
DA:5,0
DA:7,0
DA:8,0
DA:9,0
DA:11,0
DA:19,0
DA:20,0
DA:21,0
DA:22,0
DA:25,0
LF:10
LH:0
BRDA:12,0,0,0
BRDA:12,0,1,0
BRDA:43,1,0,0
BRDA:43,1,1,0
BRDA:44,2,0,0
BRDA:44,2,1,0
BRF:6
BRH:0
end_of_record
TN:
SF:src\components\StreakCounter.jsx
FN:3,StreakCounter
FNF:1
FNH:0
FNDA:0,StreakCounter
DA:4,0
DA:6,0
LF:2
LH:0
BRDA:4,0,0,0
BRDA:4,0,1,0
BRF:2
BRH:0
end_of_record
TN:
SF:src\components\UserProfile.jsx
FN:4,UserProfile
FN:12,(anonymous_1)
FN:18,(anonymous_2)
FN:50,(anonymous_3)
FN:60,(anonymous_4)
FN:76,(anonymous_5)
FN:195,(anonymous_6)
FNF:7
FNH:0
FNDA:0,UserProfile
FNDA:0,(anonymous_1)
FNDA:0,(anonymous_2)
FNDA:0,(anonymous_3)
FNDA:0,(anonymous_4)
FNDA:0,(anonymous_5)
FNDA:0,(anonymous_6)
DA:5,0
DA:6,0
DA:7,0
DA:8,0
DA:10,0
DA:12,0
DA:13,0
DA:14,0
DA:18,0
DA:19,0
DA:20,0
DA:22,0
DA:23,0
DA:28,0
DA:29,0
DA:31,0
DA:35,0
DA:36,0
DA:41,0
DA:42,0
DA:44,0
DA:46,0
DA:50,0
DA:51,0
DA:52,0
DA:53,0
DA:54,0
DA:57,0
DA:58,0
DA:60,0
DA:69,0
DA:76,0
DA:196,0
LF:33
LH:0
BRDA:13,0,0,0
BRDA:13,0,1,0
BRDA:13,1,0,0
BRDA:13,1,1,0
BRDA:20,2,0,0
BRDA:20,2,1,0
BRDA:57,3,0,0
BRDA:57,3,1,0
BRDA:81,4,0,0
BRDA:81,4,1,0
BRDA:95,5,0,0
BRDA:95,5,1,0
BRDA:131,6,0,0
BRDA:131,6,1,0
BRDA:131,6,2,0
BRDA:191,7,0,0
BRDA:191,7,1,0
BRDA:191,7,2,0
BRDA:191,7,3,0
BRDA:202,8,0,0
BRDA:202,8,1,0
BRDA:203,9,0,0
BRDA:203,9,1,0
BRF:23
BRH:0
end_of_record
TN:
SF:src\data\players.js
FN:45,(anonymous_0)
FNF:1
FNH:0
FNDA:0,(anonymous_0)
DA:1,0
DA:45,0
DA:46,0
DA:47,0
DA:48,0
DA:49,0
LF:6
LH:0
BRF:0
BRH:0
end_of_record
TN:
SF:src\utils\gameUtils.js
FN:1,(anonymous_0)
FN:9,(anonymous_1)
FN:19,(anonymous_2)
FN:45,(anonymous_3)
FNF:4
FNH:0
FNDA:0,(anonymous_0)
FNDA:0,(anonymous_1)
FNDA:0,(anonymous_2)
FNDA:0,(anonymous_3)
DA:1,0
DA:2,0
DA:3,0
DA:5,0
DA:9,0
DA:10,0
DA:11,0
DA:12,0
DA:14,0
DA:15,0
DA:19,0
DA:20,0
DA:21,0
DA:22,0
DA:23,0
DA:24,0
DA:26,0
DA:28,0
DA:29,0
DA:30,0
DA:31,0
DA:34,0
DA:35,0
DA:36,0
DA:38,0
DA:40,0
DA:41,0
DA:45,0
DA:46,0
DA:47,0
DA:48,0
DA:49,0
DA:51,0
DA:58,0
DA:59,0
LF:35
LH:0
BRDA:12,0,0,0
BRDA:12,0,1,0
BRDA:21,1,0,0
BRDA:21,1,1,0
BRDA:22,2,0,0
BRDA:22,2,1,0
BRDA:23,3,0,0
BRDA:23,3,1,0
BRDA:24,4,0,0
BRDA:24,4,1,0
BRDA:26,5,0,0
BRDA:26,5,1,0
BRDA:28,6,0,0
BRDA:28,6,1,0
BRDA:30,7,0,0
BRDA:30,7,1,0
BRDA:47,8,0,0
BRDA:47,8,1,0
BRDA:48,9,0,0
BRDA:48,9,1,0
BRDA:49,10,0,0
BRDA:49,10,1,0
BRDA:54,11,0,0
BRDA:54,11,1,0
BRDA:55,12,0,0
BRDA:55,12,1,0
BRF:26
BRH:0
end_of_record
